[ 2018-06-12T18:38:46+08:00 ][ sql ] [ DB ] CONNECT:[ UseTime:0.109856s ] mysql:host=127.0.0.1;dbname=edu;charset=utf8
[ 2018-06-12T18:38:46+08:00 ][ sql ] [ SQL ] SHOW COLUMNS FROM `user` [ RunTime:0.015371s ]
[ 2018-06-12T18:38:46+08:00 ][ sql ] [ SQL ] SELECT * FROM `user` WHERE (  `name` = '\'test\'' ) AND `user`.`delete_time` IS NULL LIMIT 1 [ RunTime:0.001472s ]
[ 2018-06-12T18:39:09+08:00 ][ sql ] [ DB ] CONNECT:[ UseTime:0.058031s ] mysql:host=127.0.0.1;dbname=edu;charset=utf8
[ 2018-06-12T18:39:09+08:00 ][ sql ] [ SQL ] SHOW COLUMNS FROM `user` [ RunTime:0.002469s ]
[ 2018-06-12T18:39:09+08:00 ][ sql ] [ SQL ] SELECT * FROM `user` WHERE (  `name` = '\'test\'' ) AND `user`.`delete_time` IS NULL LIMIT 1 [ RunTime:0.000830s ]
[ 2018-06-12T18:47:53+08:00 ][ error ] [1]Call to undefined method tests\UserTest::visit()
[ 2018-06-12T18:54:40+08:00 ][ sql ] [ DB ] CONNECT:[ UseTime:0.051925s ] mysql:host=127.0.0.1;dbname=edu;charset=utf8
[ 2018-06-12T18:54:40+08:00 ][ sql ] [ SQL ] SHOW COLUMNS FROM `user` [ RunTime:0.002092s ]
[ 2018-06-12T18:54:40+08:00 ][ sql ] [ SQL ] SELECT * FROM `user` WHERE (  `name` = '\'test\'' ) AND `user`.`delete_time` IS NULL LIMIT 1 [ RunTime:0.000938s ]
[ 2018-06-12T18:56:44+08:00 ][ sql ] [ DB ] CONNECT:[ UseTime:0.055411s ] mysql:host=127.0.0.1;dbname=edu;charset=utf8
[ 2018-06-12T18:56:44+08:00 ][ sql ] [ SQL ] SHOW COLUMNS FROM `user` [ RunTime:0.003753s ]
[ 2018-06-12T18:56:44+08:00 ][ sql ] [ SQL ] SELECT * FROM `user` WHERE (  `name` = '\'test\'' ) AND `user`.`delete_time` IS NULL LIMIT 1 [ RunTime:0.000821s ]
[ 2018-06-12T18:58:08+08:00 ][ sql ] [ DB ] CONNECT:[ UseTime:0.048588s ] mysql:host=127.0.0.1;dbname=edu;charset=utf8
[ 2018-06-12T18:58:08+08:00 ][ sql ] [ SQL ] SHOW COLUMNS FROM `user` [ RunTime:0.002936s ]
[ 2018-06-12T18:58:08+08:00 ][ sql ] [ SQL ] SELECT * FROM `user` WHERE (  `name` = 'test' ) AND `user`.`delete_time` IS NULL LIMIT 1 [ RunTime:0.001096s ]
[ 2018-06-12T19:00:17+08:00 ][ sql ] [ DB ] CONNECT:[ UseTime:0.047874s ] mysql:host=127.0.0.1;dbname=edu;charset=utf8
[ 2018-06-12T19:00:17+08:00 ][ sql ] [ SQL ] SHOW COLUMNS FROM `user` [ RunTime:0.001629s ]
[ 2018-06-12T19:00:17+08:00 ][ sql ] [ SQL ] SELECT * FROM `user` WHERE (  `name` = '' ) AND `user`.`delete_time` IS NULL LIMIT 1 [ RunTime:0.001729s ]
[ 2018-06-12T19:01:58+08:00 ][ sql ] [ DB ] CONNECT:[ UseTime:0.065919s ] mysql:host=127.0.0.1;dbname=edu;charset=utf8
[ 2018-06-12T19:01:58+08:00 ][ sql ] [ SQL ] SHOW COLUMNS FROM `user` [ RunTime:0.002894s ]
[ 2018-06-12T19:01:58+08:00 ][ sql ] [ SQL ] SELECT * FROM `user` WHERE (  `name` = '' ) AND `user`.`delete_time` IS NULL LIMIT 1 [ RunTime:0.000987s ]
[ 2018-06-12T19:09:30+08:00 ][ sql ] [ DB ] CONNECT:[ UseTime:0.031934s ] mysql:host=127.0.0.1;dbname=edu;charset=utf8
[ 2018-06-12T19:09:30+08:00 ][ sql ] [ SQL ] SHOW COLUMNS FROM `user` [ RunTime:0.001219s ]
[ 2018-06-12T19:09:30+08:00 ][ sql ] [ SQL ] SELECT * FROM `user` WHERE (  `name` = 'test' ) AND `user`.`delete_time` IS NULL LIMIT 1 [ RunTime:0.000911s ]
[ 2018-06-12T19:16:26+08:00 ][ sql ] [ DB ] CONNECT:[ UseTime:0.045636s ] mysql:host=127.0.0.1;dbname=edu;charset=utf8
[ 2018-06-12T19:16:27+08:00 ][ sql ] [ SQL ] SHOW COLUMNS FROM `user` [ RunTime:0.002964s ]
[ 2018-06-12T19:16:27+08:00 ][ sql ] [ SQL ] SELECT * FROM `user` WHERE (  `name` = 'test' ) AND `user`.`delete_time` IS NULL LIMIT 1 [ RunTime:0.001014s ]
[ 2018-06-12T19:16:43+08:00 ][ sql ] [ DB ] CONNECT:[ UseTime:0.063637s ] mysql:host=127.0.0.1;dbname=edu;charset=utf8
[ 2018-06-12T19:16:43+08:00 ][ sql ] [ SQL ] SHOW COLUMNS FROM `user` [ RunTime:0.003619s ]
[ 2018-06-12T19:16:43+08:00 ][ sql ] [ SQL ] SELECT * FROM `user` WHERE (  `name` = '' ) AND `user`.`delete_time` IS NULL LIMIT 1 [ RunTime:0.001075s ]
[ 2018-06-12T19:17:31+08:00 ][ sql ] [ DB ] CONNECT:[ UseTime:0.054266s ] mysql:host=127.0.0.1;dbname=edu;charset=utf8
[ 2018-06-12T19:17:31+08:00 ][ sql ] [ SQL ] SHOW COLUMNS FROM `user` [ RunTime:0.003991s ]
[ 2018-06-12T19:17:31+08:00 ][ sql ] [ SQL ] SELECT * FROM `user` WHERE (  `name` = '\'test\'' ) AND `user`.`delete_time` IS NULL LIMIT 1 [ RunTime:0.001306s ]
[ 2018-06-12T19:23:25+08:00 ][ info ] [ SESSION ] INIT array (
  'id' => '',
  'var_session_id' => '',
  'prefix' => 'think',
  'type' => '',
  'auto_start' => true,
)
[ info ] [ LOG ] INIT File
[ 2018-06-12T19:23:26+08:00 ][ info ] [ LANG ] D:\www\edu\thinkphp\lang\zh-cn.php
[ 2018-06-12T19:23:26+08:00 ][ info ] [ ROUTE ] array (
  'type' => 'module',
  'module' => 
  array (
    0 => 'index',
    1 => 'user',
    2 => 'checkUserName',
  ),
)
[ 2018-06-12T19:23:26+08:00 ][ info ] [ HEADER ] array (
  'host' => 'www.edu.com',
)
[ 2018-06-12T19:23:26+08:00 ][ info ] [ PARAM ] array (
  'name' => '\'test\'',
)
[ 2018-06-12T19:23:27+08:00 ][ info ] [ RUN ] app\index\controller\User->checkUserName[ D:\www\edu\application\index\controller\User.php ]
[ 2018-06-12T19:23:27+08:00 ][ info ] [ DB ] INIT mysql
[ 2018-06-12T19:23:27+08:00 ][ sql ] [ DB ] CONNECT:[ UseTime:0.078499s ] mysql:host=127.0.0.1;dbname=edu;charset=utf8
[ 2018-06-12T19:23:27+08:00 ][ sql ] [ SQL ] SHOW COLUMNS FROM `user` [ RunTime:0.001567s ]
[ 2018-06-12T19:23:27+08:00 ][ sql ] [ SQL ] SELECT * FROM `user` WHERE (  `name` = '\'test\'' ) AND `user`.`delete_time` IS NULL LIMIT 1 [ RunTime:0.000775s ]
[ 2018-06-12T19:24:02+08:00 ][ info ] [ SESSION ] INIT array (
  'id' => '',
  'var_session_id' => '',
  'prefix' => 'think',
  'type' => '',
  'auto_start' => true,
)
[ info ] [ LOG ] INIT File
[ 2018-06-12T19:24:03+08:00 ][ info ] [ LANG ] D:\www\edu\thinkphp\lang\zh-cn.php
[ 2018-06-12T19:24:03+08:00 ][ info ] [ ROUTE ] array (
  'type' => 'module',
  'module' => 
  array (
    0 => 'index',
    1 => 'user',
    2 => 'checkUserName',
  ),
)
[ 2018-06-12T19:24:03+08:00 ][ info ] [ HEADER ] array (
  'host' => 'www.edu.com',
)
[ 2018-06-12T19:24:03+08:00 ][ info ] [ PARAM ] array (
  'name' => '\'test\'',
)
[ 2018-06-12T19:24:03+08:00 ][ info ] [ RUN ] app\index\controller\User->checkUserName[ D:\www\edu\application\index\controller\User.php ]
[ 2018-06-12T19:24:03+08:00 ][ info ] [ DB ] INIT mysql
[ 2018-06-12T19:24:03+08:00 ][ sql ] [ DB ] CONNECT:[ UseTime:0.039996s ] mysql:host=127.0.0.1;dbname=edu;charset=utf8
[ 2018-06-12T19:24:03+08:00 ][ sql ] [ SQL ] SHOW COLUMNS FROM `user` [ RunTime:0.001926s ]
[ 2018-06-12T19:24:03+08:00 ][ sql ] [ SQL ] SELECT * FROM `user` WHERE (  `name` = '\'test\'' ) AND `user`.`delete_time` IS NULL LIMIT 1 [ RunTime:0.000982s ]
[ 2018-06-12T19:26:04+08:00 ][ info ] [ SESSION ] INIT array (
  'id' => '',
  'var_session_id' => '',
  'prefix' => 'think',
  'type' => '',
  'auto_start' => true,
)
[ info ] [ LOG ] INIT File
[ 2018-06-12T19:26:18+08:00 ][ info ] [ SESSION ] INIT array (
  'id' => '',
  'var_session_id' => '',
  'prefix' => 'think',
  'type' => '',
  'auto_start' => true,
)
[ info ] [ LOG ] INIT File
[ 2018-06-12T19:27:30+08:00 ][ info ] [ SESSION ] INIT array (
  'id' => '',
  'var_session_id' => '',
  'prefix' => 'think',
  'type' => '',
  'auto_start' => true,
)
[ info ] [ LOG ] INIT File
[ 2018-06-12T19:28:39+08:00 ][ info ] [ SESSION ] INIT array (
  'id' => '',
  'var_session_id' => '',
  'prefix' => 'think',
  'type' => '',
  'auto_start' => true,
)
[ info ] [ LOG ] INIT File
[ 2018-06-12T19:29:19+08:00 ][ info ] [ SESSION ] INIT array (
  'id' => '',
  'var_session_id' => '',
  'prefix' => 'think',
  'type' => '',
  'auto_start' => true,
)
[ info ] [ LOG ] INIT File
[ 2018-06-12T19:29:33+08:00 ][ info ] [ SESSION ] INIT array (
  'id' => '',
  'var_session_id' => '',
  'prefix' => 'think',
  'type' => '',
  'auto_start' => true,
)
[ info ] [ LOG ] INIT File
[ 2018-06-12T19:29:47+08:00 ][ info ] [ SESSION ] INIT array (
  'id' => '',
  'var_session_id' => '',
  'prefix' => 'think',
  'type' => '',
  'auto_start' => true,
)
[ info ] [ LOG ] INIT File
[ 2018-06-12T19:30:02+08:00 ][ info ] [ SESSION ] INIT array (
  'id' => '',
  'var_session_id' => '',
  'prefix' => 'think',
  'type' => '',
  'auto_start' => true,
)
[ info ] [ LOG ] INIT File
[ 2018-06-12T19:30:04+08:00 ][ info ] [ LANG ] D:\www\edu\thinkphp\lang\zh-cn.php
[ 2018-06-12T19:30:04+08:00 ][ info ] [ ROUTE ] array (
  'type' => 'module',
  'module' => 
  array (
    0 => 'index',
    1 => 'user',
    2 => 'checkUserName',
  ),
)
[ 2018-06-12T19:30:04+08:00 ][ info ] [ HEADER ] array (
  'host' => 'www.edu.com',
)
[ 2018-06-12T19:30:04+08:00 ][ info ] [ PARAM ] array (
  'name' => '\'test\'',
)
[ 2018-06-12T19:30:04+08:00 ][ info ] [ RUN ] app\index\controller\User->checkUserName[ D:\www\edu\application\index\controller\User.php ]
[ 2018-06-12T19:30:04+08:00 ][ info ] [ DB ] INIT mysql
[ 2018-06-12T19:30:04+08:00 ][ sql ] [ DB ] CONNECT:[ UseTime:0.039107s ] mysql:host=127.0.0.1;dbname=edu;charset=utf8
[ 2018-06-12T19:30:04+08:00 ][ sql ] [ SQL ] SHOW COLUMNS FROM `user` [ RunTime:0.003284s ]
[ 2018-06-12T19:30:04+08:00 ][ sql ] [ SQL ] SELECT * FROM `user` WHERE (  `name` = '\'test\'' ) AND `user`.`delete_time` IS NULL LIMIT 1 [ RunTime:0.001131s ]
[ 2018-06-12T19:30:27+08:00 ][ info ] [ SESSION ] INIT array (
  'id' => '',
  'var_session_id' => '',
  'prefix' => 'think',
  'type' => '',
  'auto_start' => true,
)
[ info ] [ LOG ] INIT File
[ 2018-06-12T19:30:28+08:00 ][ info ] [ LANG ] D:\www\edu\thinkphp\lang\zh-cn.php
[ 2018-06-12T19:30:28+08:00 ][ info ] [ ROUTE ] array (
  'type' => 'module',
  'module' => 
  array (
    0 => 'index',
    1 => 'user',
    2 => 'checkUserName',
  ),
)
[ 2018-06-12T19:30:28+08:00 ][ info ] [ HEADER ] array (
  'host' => 'www.edu.com',
)
[ 2018-06-12T19:30:28+08:00 ][ info ] [ PARAM ] array (
  'name' => '\'test\'',
)
[ 2018-06-12T19:30:28+08:00 ][ info ] [ RUN ] app\index\controller\User->checkUserName[ D:\www\edu\application\index\controller\User.php ]
[ 2018-06-12T19:30:28+08:00 ][ info ] [ DB ] INIT mysql
[ 2018-06-12T19:30:28+08:00 ][ sql ] [ DB ] CONNECT:[ UseTime:0.025513s ] mysql:host=127.0.0.1;dbname=edu;charset=utf8
[ 2018-06-12T19:30:28+08:00 ][ sql ] [ SQL ] SHOW COLUMNS FROM `user` [ RunTime:0.002355s ]
[ 2018-06-12T19:30:28+08:00 ][ sql ] [ SQL ] SELECT * FROM `user` WHERE (  `name` = '\'test\'' ) AND `user`.`delete_time` IS NULL LIMIT 1 [ RunTime:0.001523s ]
[ 2018-06-12T19:30:28+08:00 ][ info ] [ LANG ] D:\www\edu\thinkphp\lang\zh-cn.php
[ 2018-06-12T19:30:28+08:00 ][ info ] [ ROUTE ] array (
  'type' => 'module',
  'module' => 
  array (
    0 => 'index',
    1 => 'user',
    2 => 'checkUserName',
  ),
)
[ 2018-06-12T19:30:28+08:00 ][ info ] [ HEADER ] array (
  'host' => 'www.edu.com',
)
[ 2018-06-12T19:30:28+08:00 ][ info ] [ PARAM ] array (
  'name' => '\'test\'',
)
[ 2018-06-12T19:30:40+08:00 ][ info ] [ SESSION ] INIT array (
  'id' => '',
  'var_session_id' => '',
  'prefix' => 'think',
  'type' => '',
  'auto_start' => true,
)
[ info ] [ LOG ] INIT File
[ 2018-06-12T19:30:40+08:00 ][ info ] [ LANG ] D:\www\edu\thinkphp\lang\zh-cn.php
[ 2018-06-12T19:30:40+08:00 ][ info ] [ ROUTE ] array (
  'type' => 'module',
  'module' => 
  array (
    0 => 'index',
    1 => 'user',
    2 => 'checkUserName',
  ),
)
[ 2018-06-12T19:30:40+08:00 ][ info ] [ HEADER ] array (
  'host' => 'www.edu.com',
)
[ 2018-06-12T19:30:40+08:00 ][ info ] [ PARAM ] array (
  'name' => '\'test\'',
)
[ 2018-06-12T19:30:41+08:00 ][ info ] [ RUN ] app\index\controller\User->checkUserName[ D:\www\edu\application\index\controller\User.php ]
[ 2018-06-12T19:30:41+08:00 ][ info ] [ DB ] INIT mysql
[ 2018-06-12T19:30:41+08:00 ][ sql ] [ DB ] CONNECT:[ UseTime:0.041388s ] mysql:host=127.0.0.1;dbname=edu;charset=utf8
[ 2018-06-12T19:30:41+08:00 ][ sql ] [ SQL ] SHOW COLUMNS FROM `user` [ RunTime:0.002493s ]
[ 2018-06-12T19:30:41+08:00 ][ sql ] [ SQL ] SELECT * FROM `user` WHERE (  `name` = '\'test\'' ) AND `user`.`delete_time` IS NULL LIMIT 1 [ RunTime:0.001144s ]
[ 2018-06-12T19:30:41+08:00 ][ info ] [ LANG ] D:\www\edu\thinkphp\lang\zh-cn.php
[ 2018-06-12T19:30:41+08:00 ][ info ] [ ROUTE ] array (
  'type' => 'module',
  'module' => 
  array (
    0 => 'index',
    1 => 'user',
    2 => 'checkUserName',
  ),
)
[ 2018-06-12T19:30:41+08:00 ][ info ] [ HEADER ] array (
  'host' => 'www.edu.com',
)
[ 2018-06-12T19:30:41+08:00 ][ info ] [ PARAM ] array (
  'name' => '\'admin\'',
)
[ 2018-06-12T19:30:52+08:00 ][ info ] [ SESSION ] INIT array (
  'id' => '',
  'var_session_id' => '',
  'prefix' => 'think',
  'type' => '',
  'auto_start' => true,
)
[ info ] [ LOG ] INIT File
[ 2018-06-12T19:30:53+08:00 ][ info ] [ LANG ] D:\www\edu\thinkphp\lang\zh-cn.php
[ 2018-06-12T19:30:53+08:00 ][ info ] [ ROUTE ] array (
  'type' => 'module',
  'module' => 
  array (
    0 => 'index',
    1 => 'user',
    2 => 'checkUserName',
  ),
)
[ 2018-06-12T19:30:53+08:00 ][ info ] [ HEADER ] array (
  'host' => 'www.edu.com',
)
[ 2018-06-12T19:30:53+08:00 ][ info ] [ PARAM ] array (
  'name' => '\'test\'',
)
[ 2018-06-12T19:30:53+08:00 ][ info ] [ RUN ] app\index\controller\User->checkUserName[ D:\www\edu\application\index\controller\User.php ]
[ 2018-06-12T19:30:53+08:00 ][ info ] [ DB ] INIT mysql
[ 2018-06-12T19:30:53+08:00 ][ sql ] [ DB ] CONNECT:[ UseTime:0.028000s ] mysql:host=127.0.0.1;dbname=edu;charset=utf8
[ 2018-06-12T19:30:53+08:00 ][ sql ] [ SQL ] SHOW COLUMNS FROM `user` [ RunTime:0.001800s ]
[ 2018-06-12T19:30:53+08:00 ][ sql ] [ SQL ] SELECT * FROM `user` WHERE (  `name` = '\'test\'' ) AND `user`.`delete_time` IS NULL LIMIT 1 [ RunTime:0.000773s ]
[ 2018-06-12T19:30:53+08:00 ][ info ] [ LANG ] D:\www\edu\thinkphp\lang\zh-cn.php
[ 2018-06-12T19:30:53+08:00 ][ info ] [ ROUTE ] array (
  'type' => 'module',
  'module' => 
  array (
    0 => 'index',
    1 => 'user',
    2 => 'checkUserName',
  ),
)
[ 2018-06-12T19:30:53+08:00 ][ info ] [ HEADER ] array (
  'host' => 'www.edu.com',
)
[ 2018-06-12T19:30:53+08:00 ][ info ] [ PARAM ] array (
  'name' => '\'admin\'',
)
[ 2018-06-12T19:32:04+08:00 ][ info ] [ SESSION ] INIT array (
  'id' => '',
  'var_session_id' => '',
  'prefix' => 'think',
  'type' => '',
  'auto_start' => true,
)
[ info ] [ LOG ] INIT File
[ 2018-06-12T19:32:05+08:00 ][ info ] [ LANG ] D:\www\edu\thinkphp\lang\zh-cn.php
[ 2018-06-12T19:32:05+08:00 ][ info ] [ ROUTE ] array (
  'type' => 'module',
  'module' => 
  array (
    0 => 'index',
    1 => 'user',
    2 => 'checkUserName',
  ),
)
[ 2018-06-12T19:32:05+08:00 ][ info ] [ HEADER ] array (
  'host' => 'www.edu.com',
)
[ 2018-06-12T19:32:05+08:00 ][ info ] [ PARAM ] array (
  'name' => '\'test\'',
)
[ 2018-06-12T19:32:05+08:00 ][ info ] [ RUN ] app\index\controller\User->checkUserName[ D:\www\edu\application\index\controller\User.php ]
[ 2018-06-12T19:32:05+08:00 ][ info ] [ DB ] INIT mysql
[ 2018-06-12T19:32:06+08:00 ][ sql ] [ DB ] CONNECT:[ UseTime:0.048067s ] mysql:host=127.0.0.1;dbname=edu;charset=utf8
[ 2018-06-12T19:32:06+08:00 ][ sql ] [ SQL ] SHOW COLUMNS FROM `user` [ RunTime:0.002385s ]
[ 2018-06-12T19:32:06+08:00 ][ sql ] [ SQL ] SELECT * FROM `user` WHERE (  `name` = '\'test\'' ) AND `user`.`delete_time` IS NULL LIMIT 1 [ RunTime:0.001127s ]
[ 2018-06-12T19:32:32+08:00 ][ info ] [ SESSION ] INIT array (
  'id' => '',
  'var_session_id' => '',
  'prefix' => 'think',
  'type' => '',
  'auto_start' => true,
)
[ info ] [ LOG ] INIT File
[ 2018-06-12T19:32:33+08:00 ][ info ] [ LANG ] D:\www\edu\thinkphp\lang\zh-cn.php
[ 2018-06-12T19:32:33+08:00 ][ info ] [ ROUTE ] array (
  'type' => 'module',
  'module' => 
  array (
    0 => 'index',
    1 => 'user',
    2 => 'checkUserName',
  ),
)
[ 2018-06-12T19:32:34+08:00 ][ info ] [ HEADER ] array (
  'host' => 'www.edu.com',
)
[ 2018-06-12T19:32:34+08:00 ][ info ] [ PARAM ] array (
  'name' => 'test',
)
[ 2018-06-12T19:32:34+08:00 ][ info ] [ RUN ] app\index\controller\User->checkUserName[ D:\www\edu\application\index\controller\User.php ]
[ 2018-06-12T19:32:34+08:00 ][ info ] [ DB ] INIT mysql
[ 2018-06-12T19:32:34+08:00 ][ sql ] [ DB ] CONNECT:[ UseTime:0.053719s ] mysql:host=127.0.0.1;dbname=edu;charset=utf8
[ 2018-06-12T19:32:34+08:00 ][ sql ] [ SQL ] SHOW COLUMNS FROM `user` [ RunTime:0.002417s ]
[ 2018-06-12T19:32:34+08:00 ][ sql ] [ SQL ] SELECT * FROM `user` WHERE (  `name` = 'test' ) AND `user`.`delete_time` IS NULL LIMIT 1 [ RunTime:0.001232s ]
[ 2018-06-12T19:32:40+08:00 ][ info ] [ SESSION ] INIT array (
  'id' => '',
  'var_session_id' => '',
  'prefix' => 'think',
  'type' => '',
  'auto_start' => true,
)
[ info ] [ LOG ] INIT File
[ 2018-06-12T19:32:48+08:00 ][ info ] [ SESSION ] INIT array (
  'id' => '',
  'var_session_id' => '',
  'prefix' => 'think',
  'type' => '',
  'auto_start' => true,
)
[ info ] [ LOG ] INIT File
[ 2018-06-12T19:32:49+08:00 ][ info ] [ LANG ] D:\www\edu\thinkphp\lang\zh-cn.php
[ 2018-06-12T19:32:49+08:00 ][ info ] [ ROUTE ] array (
  'type' => 'module',
  'module' => 
  array (
    0 => 'index',
    1 => 'user',
    2 => 'checkUserName',
  ),
)
[ 2018-06-12T19:32:49+08:00 ][ info ] [ HEADER ] array (
  'host' => 'www.edu.com',
)
[ 2018-06-12T19:32:49+08:00 ][ info ] [ PARAM ] array (
  'name' => 'admin',
)
[ 2018-06-12T19:32:49+08:00 ][ info ] [ RUN ] app\index\controller\User->checkUserName[ D:\www\edu\application\index\controller\User.php ]
[ 2018-06-12T19:32:49+08:00 ][ info ] [ DB ] INIT mysql
[ 2018-06-12T19:32:49+08:00 ][ sql ] [ DB ] CONNECT:[ UseTime:0.040180s ] mysql:host=127.0.0.1;dbname=edu;charset=utf8
[ 2018-06-12T19:32:49+08:00 ][ sql ] [ SQL ] SHOW COLUMNS FROM `user` [ RunTime:0.001127s ]
[ 2018-06-12T19:32:49+08:00 ][ sql ] [ SQL ] SELECT * FROM `user` WHERE (  `name` = 'admin' ) AND `user`.`delete_time` IS NULL LIMIT 1 [ RunTime:0.000671s ]
[ 2018-06-12T19:33:18+08:00 ][ info ] [ SESSION ] INIT array (
  'id' => '',
  'var_session_id' => '',
  'prefix' => 'think',
  'type' => '',
  'auto_start' => true,
)
[ info ] [ LOG ] INIT File
[ 2018-06-12T19:33:20+08:00 ][ info ] [ LANG ] D:\www\edu\thinkphp\lang\zh-cn.php
[ 2018-06-12T19:33:20+08:00 ][ info ] [ ROUTE ] array (
  'type' => 'module',
  'module' => 
  array (
    0 => 'index',
    1 => 'user',
    2 => 'checkUserName',
  ),
)
[ 2018-06-12T19:33:20+08:00 ][ info ] [ HEADER ] array (
  'host' => 'www.edu.com',
)
[ 2018-06-12T19:33:20+08:00 ][ info ] [ PARAM ] array (
  'name' => 'test',
)
[ 2018-06-12T19:33:20+08:00 ][ info ] [ RUN ] app\index\controller\User->checkUserName[ D:\www\edu\application\index\controller\User.php ]
[ 2018-06-12T19:33:20+08:00 ][ info ] [ DB ] INIT mysql
[ 2018-06-12T19:33:20+08:00 ][ sql ] [ DB ] CONNECT:[ UseTime:0.023422s ] mysql:host=127.0.0.1;dbname=edu;charset=utf8
[ 2018-06-12T19:33:20+08:00 ][ sql ] [ SQL ] SHOW COLUMNS FROM `user` [ RunTime:0.001584s ]
[ 2018-06-12T19:33:20+08:00 ][ sql ] [ SQL ] SELECT * FROM `user` WHERE (  `name` = 'test' ) AND `user`.`delete_time` IS NULL LIMIT 1 [ RunTime:0.000863s ]
[ 2018-06-12T19:33:37+08:00 ][ info ] [ SESSION ] INIT array (
  'id' => '',
  'var_session_id' => '',
  'prefix' => 'think',
  'type' => '',
  'auto_start' => true,
)
[ info ] [ LOG ] INIT File
[ 2018-06-12T19:33:38+08:00 ][ info ] [ LANG ] D:\www\edu\thinkphp\lang\zh-cn.php
[ 2018-06-12T19:33:38+08:00 ][ info ] [ ROUTE ] array (
  'type' => 'module',
  'module' => 
  array (
    0 => 'index',
    1 => 'user',
    2 => 'checkUserName',
  ),
)
[ 2018-06-12T19:33:38+08:00 ][ info ] [ HEADER ] array (
  'host' => 'www.edu.com',
)
[ 2018-06-12T19:33:38+08:00 ][ info ] [ PARAM ] array (
  'name' => 'test',
)
[ 2018-06-12T19:33:38+08:00 ][ info ] [ RUN ] app\index\controller\User->checkUserName[ D:\www\edu\application\index\controller\User.php ]
[ 2018-06-12T19:33:38+08:00 ][ info ] [ DB ] INIT mysql
[ 2018-06-12T19:33:38+08:00 ][ sql ] [ DB ] CONNECT:[ UseTime:0.038116s ] mysql:host=127.0.0.1;dbname=edu;charset=utf8
[ 2018-06-12T19:33:38+08:00 ][ sql ] [ SQL ] SHOW COLUMNS FROM `user` [ RunTime:0.001979s ]
[ 2018-06-12T19:33:38+08:00 ][ sql ] [ SQL ] SELECT * FROM `user` WHERE (  `name` = 'test' ) AND `user`.`delete_time` IS NULL LIMIT 1 [ RunTime:0.001858s ]
[ 2018-06-12T19:33:38+08:00 ][ info ] [ LANG ] D:\www\edu\thinkphp\lang\zh-cn.php
[ 2018-06-12T19:33:38+08:00 ][ info ] [ ROUTE ] array (
  'type' => 'module',
  'module' => 
  array (
    0 => 'index',
    1 => 'user',
    2 => 'checkUserName',
  ),
)
[ 2018-06-12T19:33:38+08:00 ][ info ] [ HEADER ] array (
  'host' => 'www.edu.com',
)
[ 2018-06-12T19:33:38+08:00 ][ info ] [ PARAM ] array (
  'name' => 'test',
)
[ 2018-06-12T19:34:12+08:00 ][ info ] [ SESSION ] INIT array (
  'id' => '',
  'var_session_id' => '',
  'prefix' => 'think',
  'type' => '',
  'auto_start' => true,
)
[ info ] [ LOG ] INIT File
[ 2018-06-12T19:34:13+08:00 ][ info ] [ LANG ] D:\www\edu\thinkphp\lang\zh-cn.php
[ 2018-06-12T19:34:13+08:00 ][ info ] [ ROUTE ] array (
  'type' => 'module',
  'module' => 
  array (
    0 => 'index',
    1 => 'user',
    2 => 'checkUserName',
  ),
)
[ 2018-06-12T19:34:13+08:00 ][ info ] [ HEADER ] array (
  'host' => 'www.edu.com',
)
[ 2018-06-12T19:34:13+08:00 ][ info ] [ PARAM ] array (
  'name' => 'test',
)
[ 2018-06-12T19:34:13+08:00 ][ info ] [ RUN ] app\index\controller\User->checkUserName[ D:\www\edu\application\index\controller\User.php ]
[ 2018-06-12T19:34:13+08:00 ][ info ] [ DB ] INIT mysql
[ 2018-06-12T19:34:14+08:00 ][ sql ] [ DB ] CONNECT:[ UseTime:0.041837s ] mysql:host=127.0.0.1;dbname=edu;charset=utf8
[ 2018-06-12T19:34:14+08:00 ][ sql ] [ SQL ] SHOW COLUMNS FROM `user` [ RunTime:0.001884s ]
[ 2018-06-12T19:34:14+08:00 ][ sql ] [ SQL ] SELECT * FROM `user` WHERE (  `name` = 'test' ) AND `user`.`delete_time` IS NULL LIMIT 1 [ RunTime:0.000823s ]
[ 2018-06-12T19:34:14+08:00 ][ info ] [ LANG ] D:\www\edu\thinkphp\lang\zh-cn.php
[ 2018-06-12T19:34:14+08:00 ][ info ] [ ROUTE ] array (
  'type' => 'module',
  'module' => 
  array (
    0 => 'index',
    1 => 'user',
    2 => 'checkUserName',
  ),
)
[ 2018-06-12T19:34:14+08:00 ][ info ] [ HEADER ] array (
  'host' => 'www.edu.com',
)
[ 2018-06-12T19:34:14+08:00 ][ info ] [ PARAM ] array (
  'name' => 'test',
)
[ 2018-06-12T19:35:32+08:00 ][ info ] [ SESSION ] INIT array (
  'id' => '',
  'var_session_id' => '',
  'prefix' => 'think',
  'type' => '',
  'auto_start' => true,
)
[ info ] [ LOG ] INIT File
[ 2018-06-12T19:35:34+08:00 ][ info ] [ LANG ] D:\www\edu\thinkphp\lang\zh-cn.php
[ 2018-06-12T19:35:34+08:00 ][ info ] [ ROUTE ] array (
  'type' => 'module',
  'module' => 
  array (
    0 => 'index',
    1 => 'user',
    2 => 'checkUserName',
  ),
)
[ 2018-06-12T19:35:34+08:00 ][ info ] [ HEADER ] array (
  'host' => 'www.edu.com',
)
[ 2018-06-12T19:35:34+08:00 ][ info ] [ PARAM ] array (
  'name' => 'test',
)
[ 2018-06-12T19:35:34+08:00 ][ info ] [ RUN ] app\index\controller\User->checkUserName[ D:\www\edu\application\index\controller\User.php ]
[ 2018-06-12T19:35:34+08:00 ][ info ] [ DB ] INIT mysql
[ 2018-06-12T19:35:34+08:00 ][ sql ] [ DB ] CONNECT:[ UseTime:0.045633s ] mysql:host=127.0.0.1;dbname=edu;charset=utf8
[ 2018-06-12T19:35:34+08:00 ][ sql ] [ SQL ] SHOW COLUMNS FROM `user` [ RunTime:0.002845s ]
[ 2018-06-12T19:35:34+08:00 ][ sql ] [ SQL ] SELECT * FROM `user` WHERE (  `name` = 'test' ) AND `user`.`delete_time` IS NULL LIMIT 1 [ RunTime:0.000745s ]
[ 2018-06-12T19:35:54+08:00 ][ info ] [ SESSION ] INIT array (
  'id' => '',
  'var_session_id' => '',
  'prefix' => 'think',
  'type' => '',
  'auto_start' => true,
)
[ info ] [ LOG ] INIT File
[ 2018-06-12T19:35:56+08:00 ][ info ] [ LANG ] D:\www\edu\thinkphp\lang\zh-cn.php
[ 2018-06-12T19:35:56+08:00 ][ info ] [ ROUTE ] array (
  'type' => 'module',
  'module' => 
  array (
    0 => 'index',
    1 => 'user',
    2 => 'checkUserName',
  ),
)
[ 2018-06-12T19:35:56+08:00 ][ info ] [ HEADER ] array (
  'host' => 'www.edu.com',
)
[ 2018-06-12T19:35:56+08:00 ][ info ] [ PARAM ] array (
  'name' => 'test',
)
[ 2018-06-12T19:35:56+08:00 ][ info ] [ RUN ] app\index\controller\User->checkUserName[ D:\www\edu\application\index\controller\User.php ]
[ 2018-06-12T19:35:56+08:00 ][ info ] [ DB ] INIT mysql
[ 2018-06-12T19:35:56+08:00 ][ sql ] [ DB ] CONNECT:[ UseTime:0.066769s ] mysql:host=127.0.0.1;dbname=edu;charset=utf8
[ 2018-06-12T19:35:56+08:00 ][ sql ] [ SQL ] SHOW COLUMNS FROM `user` [ RunTime:0.002701s ]
[ 2018-06-12T19:35:56+08:00 ][ sql ] [ SQL ] SELECT * FROM `user` WHERE (  `name` = 'test' ) AND `user`.`delete_time` IS NULL LIMIT 1 [ RunTime:0.001477s ]
[ 2018-06-12T19:36:14+08:00 ][ info ] [ SESSION ] INIT array (
  'id' => '',
  'var_session_id' => '',
  'prefix' => 'think',
  'type' => '',
  'auto_start' => true,
)
[ info ] [ LOG ] INIT File
[ 2018-06-12T19:36:14+08:00 ][ info ] [ LANG ] D:\www\edu\thinkphp\lang\zh-cn.php
[ 2018-06-12T19:36:14+08:00 ][ info ] [ ROUTE ] array (
  'type' => 'module',
  'module' => 
  array (
    0 => 'index',
    1 => 'user',
    2 => 'checkUserName',
  ),
)
[ 2018-06-12T19:36:14+08:00 ][ info ] [ HEADER ] array (
  'host' => 'www.edu.com',
)
[ 2018-06-12T19:36:15+08:00 ][ info ] [ PARAM ] array (
  'name' => 'admin',
)
[ 2018-06-12T19:36:15+08:00 ][ info ] [ RUN ] app\index\controller\User->checkUserName[ D:\www\edu\application\index\controller\User.php ]
[ 2018-06-12T19:36:15+08:00 ][ info ] [ DB ] INIT mysql
[ 2018-06-12T19:36:15+08:00 ][ sql ] [ DB ] CONNECT:[ UseTime:0.028404s ] mysql:host=127.0.0.1;dbname=edu;charset=utf8
[ 2018-06-12T19:36:15+08:00 ][ sql ] [ SQL ] SHOW COLUMNS FROM `user` [ RunTime:0.001466s ]
[ 2018-06-12T19:36:15+08:00 ][ sql ] [ SQL ] SELECT * FROM `user` WHERE (  `name` = 'admin' ) AND `user`.`delete_time` IS NULL LIMIT 1 [ RunTime:0.001549s ]
[ 2018-06-12T19:36:26+08:00 ][ info ] [ SESSION ] INIT array (
  'id' => '',
  'var_session_id' => '',
  'prefix' => 'think',
  'type' => '',
  'auto_start' => true,
)
[ info ] [ LOG ] INIT File
[ 2018-06-12T19:36:27+08:00 ][ info ] [ LANG ] D:\www\edu\thinkphp\lang\zh-cn.php
[ 2018-06-12T19:36:28+08:00 ][ info ] [ ROUTE ] array (
  'type' => 'module',
  'module' => 
  array (
    0 => 'index',
    1 => 'user',
    2 => 'checkUserName',
  ),
)
[ 2018-06-12T19:36:28+08:00 ][ info ] [ HEADER ] array (
  'host' => 'www.edu.com',
)
[ 2018-06-12T19:36:28+08:00 ][ info ] [ PARAM ] array (
  'name' => 'admin',
)
[ 2018-06-12T19:36:28+08:00 ][ info ] [ RUN ] app\index\controller\User->checkUserName[ D:\www\edu\application\index\controller\User.php ]
[ 2018-06-12T19:36:28+08:00 ][ info ] [ DB ] INIT mysql
[ 2018-06-12T19:36:28+08:00 ][ sql ] [ DB ] CONNECT:[ UseTime:0.042967s ] mysql:host=127.0.0.1;dbname=edu;charset=utf8
[ 2018-06-12T19:36:28+08:00 ][ sql ] [ SQL ] SHOW COLUMNS FROM `user` [ RunTime:0.001367s ]
[ 2018-06-12T19:36:28+08:00 ][ sql ] [ SQL ] SELECT * FROM `user` WHERE (  `name` = 'admin' ) AND `user`.`delete_time` IS NULL LIMIT 1 [ RunTime:0.000871s ]
[ 2018-06-12T19:36:40+08:00 ][ info ] [ SESSION ] INIT array (
  'id' => '',
  'var_session_id' => '',
  'prefix' => 'think',
  'type' => '',
  'auto_start' => true,
)
[ info ] [ LOG ] INIT File
[ 2018-06-12T19:36:41+08:00 ][ info ] [ LANG ] D:\www\edu\thinkphp\lang\zh-cn.php
[ 2018-06-12T19:36:41+08:00 ][ info ] [ ROUTE ] array (
  'type' => 'module',
  'module' => 
  array (
    0 => 'index',
    1 => 'user',
    2 => 'checkUserName',
  ),
)
[ 2018-06-12T19:36:41+08:00 ][ info ] [ HEADER ] array (
  'host' => 'www.edu.com',
)
[ 2018-06-12T19:36:41+08:00 ][ info ] [ PARAM ] array (
  'name' => 'admin',
)
[ 2018-06-12T19:36:41+08:00 ][ info ] [ RUN ] app\index\controller\User->checkUserName[ D:\www\edu\application\index\controller\User.php ]
[ 2018-06-12T19:36:41+08:00 ][ info ] [ DB ] INIT mysql
[ 2018-06-12T19:36:42+08:00 ][ sql ] [ DB ] CONNECT:[ UseTime:0.051535s ] mysql:host=127.0.0.1;dbname=edu;charset=utf8
[ 2018-06-12T19:36:42+08:00 ][ sql ] [ SQL ] SHOW COLUMNS FROM `user` [ RunTime:0.001979s ]
[ 2018-06-12T19:36:42+08:00 ][ sql ] [ SQL ] SELECT * FROM `user` WHERE (  `name` = 'admin' ) AND `user`.`delete_time` IS NULL LIMIT 1 [ RunTime:0.000794s ]
[ 2018-06-12T19:36:49+08:00 ][ info ] [ SESSION ] INIT array (
  'id' => '',
  'var_session_id' => '',
  'prefix' => 'think',
  'type' => '',
  'auto_start' => true,
)
[ info ] [ LOG ] INIT File
[ 2018-06-12T19:36:50+08:00 ][ info ] [ LANG ] D:\www\edu\thinkphp\lang\zh-cn.php
[ 2018-06-12T19:36:50+08:00 ][ info ] [ ROUTE ] array (
  'type' => 'module',
  'module' => 
  array (
    0 => 'index',
    1 => 'user',
    2 => 'checkUserName',
  ),
)
[ 2018-06-12T19:36:50+08:00 ][ info ] [ HEADER ] array (
  'host' => 'www.edu.com',
)
[ 2018-06-12T19:36:51+08:00 ][ info ] [ PARAM ] array (
  'name' => 'admin',
)
[ 2018-06-12T19:36:51+08:00 ][ info ] [ RUN ] app\index\controller\User->checkUserName[ D:\www\edu\application\index\controller\User.php ]
[ 2018-06-12T19:36:51+08:00 ][ info ] [ DB ] INIT mysql
[ 2018-06-12T19:36:51+08:00 ][ sql ] [ DB ] CONNECT:[ UseTime:0.052374s ] mysql:host=127.0.0.1;dbname=edu;charset=utf8
[ 2018-06-12T19:36:51+08:00 ][ sql ] [ SQL ] SHOW COLUMNS FROM `user` [ RunTime:0.002227s ]
[ 2018-06-12T19:36:51+08:00 ][ sql ] [ SQL ] SELECT * FROM `user` WHERE (  `name` = 'admin' ) AND `user`.`delete_time` IS NULL LIMIT 1 [ RunTime:0.001651s ]
[ 2018-06-12T19:38:23+08:00 ][ info ] [ SESSION ] INIT array (
  'id' => '',
  'var_session_id' => '',
  'prefix' => 'think',
  'type' => '',
  'auto_start' => true,
)
[ info ] [ LOG ] INIT File
[ 2018-06-12T19:38:23+08:00 ][ info ] [ LANG ] D:\www\edu\thinkphp\lang\zh-cn.php
[ 2018-06-12T19:38:23+08:00 ][ info ] [ ROUTE ] array (
  'type' => 'module',
  'module' => 
  array (
    0 => 'index',
    1 => 'user',
    2 => 'checkUserName',
  ),
)
[ 2018-06-12T19:38:23+08:00 ][ info ] [ HEADER ] array (
  'host' => 'www.edu.com',
)
[ 2018-06-12T19:38:23+08:00 ][ info ] [ PARAM ] array (
  'name' => 'admin',
)
[ 2018-06-12T19:38:23+08:00 ][ info ] [ RUN ] app\index\controller\User->checkUserName[ D:\www\edu\application\index\controller\User.php ]
[ 2018-06-12T19:38:23+08:00 ][ info ] [ DB ] INIT mysql
[ 2018-06-12T19:38:23+08:00 ][ sql ] [ DB ] CONNECT:[ UseTime:0.041919s ] mysql:host=127.0.0.1;dbname=edu;charset=utf8
[ 2018-06-12T19:38:24+08:00 ][ sql ] [ SQL ] SHOW COLUMNS FROM `user` [ RunTime:0.002286s ]
[ 2018-06-12T19:38:24+08:00 ][ sql ] [ SQL ] SELECT * FROM `user` WHERE (  `name` = 'admin' ) AND `user`.`delete_time` IS NULL LIMIT 1 [ RunTime:0.000862s ]
[ 2018-06-12T19:38:24+08:00 ][ info ] [ LANG ] D:\www\edu\thinkphp\lang\zh-cn.php
[ 2018-06-12T19:38:24+08:00 ][ info ] [ ROUTE ] array (
  'type' => 'module',
  'module' => 
  array (
    0 => 'index',
    1 => 'user',
    2 => 'checkUserName',
  ),
)
[ 2018-06-12T19:38:24+08:00 ][ info ] [ HEADER ] array (
  'host' => 'www.edu.com',
)
[ 2018-06-12T19:38:24+08:00 ][ info ] [ PARAM ] array (
  'name' => 'test',
)
[ 2018-06-12T19:38:42+08:00 ][ info ] [ SESSION ] INIT array (
  'id' => '',
  'var_session_id' => '',
  'prefix' => 'think',
  'type' => '',
  'auto_start' => true,
)
[ info ] [ LOG ] INIT File
[ 2018-06-12T19:38:43+08:00 ][ info ] [ LANG ] D:\www\edu\thinkphp\lang\zh-cn.php
[ 2018-06-12T19:38:43+08:00 ][ info ] [ ROUTE ] array (
  'type' => 'module',
  'module' => 
  array (
    0 => 'index',
    1 => 'user',
    2 => 'checkUserName',
  ),
)
[ 2018-06-12T19:38:43+08:00 ][ info ] [ HEADER ] array (
  'host' => 'www.edu.com',
)
[ 2018-06-12T19:38:43+08:00 ][ info ] [ PARAM ] array (
  'name' => 'admin',
)
[ 2018-06-12T19:38:43+08:00 ][ info ] [ RUN ] app\index\controller\User->checkUserName[ D:\www\edu\application\index\controller\User.php ]
[ 2018-06-12T19:38:43+08:00 ][ info ] [ DB ] INIT mysql
[ 2018-06-12T19:38:43+08:00 ][ sql ] [ DB ] CONNECT:[ UseTime:0.033974s ] mysql:host=127.0.0.1;dbname=edu;charset=utf8
[ 2018-06-12T19:38:43+08:00 ][ sql ] [ SQL ] SHOW COLUMNS FROM `user` [ RunTime:0.002212s ]
[ 2018-06-12T19:38:43+08:00 ][ sql ] [ SQL ] SELECT * FROM `user` WHERE (  `name` = 'admin' ) AND `user`.`delete_time` IS NULL LIMIT 1 [ RunTime:0.000675s ]
[ 2018-06-12T19:38:43+08:00 ][ info ] [ LANG ] D:\www\edu\thinkphp\lang\zh-cn.php
[ 2018-06-12T19:38:43+08:00 ][ info ] [ ROUTE ] array (
  'type' => 'module',
  'module' => 
  array (
    0 => 'index',
    1 => 'user',
    2 => 'checkUserName',
  ),
)
[ 2018-06-12T19:38:43+08:00 ][ info ] [ HEADER ] array (
  'host' => 'www.edu.com',
)
[ 2018-06-12T19:38:43+08:00 ][ info ] [ PARAM ] array (
  'name' => 'test',
)
[ 2018-06-12T19:39:02+08:00 ][ info ] [ SESSION ] INIT array (
  'id' => '',
  'var_session_id' => '',
  'prefix' => 'think',
  'type' => '',
  'auto_start' => true,
)
[ info ] [ LOG ] INIT File
[ 2018-06-12T19:39:03+08:00 ][ info ] [ LANG ] D:\www\edu\thinkphp\lang\zh-cn.php
[ 2018-06-12T19:39:03+08:00 ][ info ] [ ROUTE ] array (
  'type' => 'module',
  'module' => 
  array (
    0 => 'index',
    1 => 'user',
    2 => 'checkUserName',
  ),
)
[ 2018-06-12T19:39:03+08:00 ][ info ] [ HEADER ] array (
  'host' => 'www.edu.com',
)
[ 2018-06-12T19:39:03+08:00 ][ info ] [ PARAM ] array (
  'name' => 'admin',
)
[ 2018-06-12T19:39:03+08:00 ][ info ] [ RUN ] app\index\controller\User->checkUserName[ D:\www\edu\application\index\controller\User.php ]
[ 2018-06-12T19:39:03+08:00 ][ info ] [ DB ] INIT mysql
[ 2018-06-12T19:39:03+08:00 ][ sql ] [ DB ] CONNECT:[ UseTime:0.034587s ] mysql:host=127.0.0.1;dbname=edu;charset=utf8
[ 2018-06-12T19:39:04+08:00 ][ sql ] [ SQL ] SHOW COLUMNS FROM `user` [ RunTime:0.001944s ]
[ 2018-06-12T19:39:04+08:00 ][ sql ] [ SQL ] SELECT * FROM `user` WHERE (  `name` = 'admin' ) AND `user`.`delete_time` IS NULL LIMIT 1 [ RunTime:0.000604s ]
[ 2018-06-12T19:39:04+08:00 ][ info ] [ LANG ] D:\www\edu\thinkphp\lang\zh-cn.php
[ 2018-06-12T19:39:04+08:00 ][ info ] [ ROUTE ] array (
  'type' => 'module',
  'module' => 
  array (
    0 => 'index',
    1 => 'user',
    2 => 'checkUserName',
  ),
)
[ 2018-06-12T19:39:04+08:00 ][ info ] [ HEADER ] array (
  'host' => 'www.edu.com',
)
[ 2018-06-12T19:39:04+08:00 ][ info ] [ PARAM ] array (
  'name' => 'test',
)
[ 2018-06-12T19:40:06+08:00 ][ info ] [ SESSION ] INIT array (
  'id' => '',
  'var_session_id' => '',
  'prefix' => 'think',
  'type' => '',
  'auto_start' => true,
)
[ info ] [ LOG ] INIT File
[ 2018-06-12T19:40:07+08:00 ][ info ] [ LANG ] D:\www\edu\thinkphp\lang\zh-cn.php
[ 2018-06-12T19:40:07+08:00 ][ info ] [ ROUTE ] array (
  'type' => 'module',
  'module' => 
  array (
    0 => 'index',
    1 => 'user',
    2 => 'checkUserName',
  ),
)
[ 2018-06-12T19:40:07+08:00 ][ info ] [ HEADER ] array (
  'host' => 'www.edu.com',
)
[ 2018-06-12T19:40:07+08:00 ][ info ] [ PARAM ] array (
  'name' => 'admin',
)
[ 2018-06-12T19:40:07+08:00 ][ info ] [ RUN ] app\index\controller\User->checkUserName[ D:\www\edu\application\index\controller\User.php ]
[ 2018-06-12T19:40:07+08:00 ][ info ] [ DB ] INIT mysql
[ 2018-06-12T19:40:07+08:00 ][ sql ] [ DB ] CONNECT:[ UseTime:0.051767s ] mysql:host=127.0.0.1;dbname=edu;charset=utf8
[ 2018-06-12T19:40:07+08:00 ][ sql ] [ SQL ] SHOW COLUMNS FROM `user` [ RunTime:0.002670s ]
[ 2018-06-12T19:40:07+08:00 ][ sql ] [ SQL ] SELECT * FROM `user` WHERE (  `name` = 'admin' ) AND `user`.`delete_time` IS NULL LIMIT 1 [ RunTime:0.001238s ]
[ 2018-06-12T19:40:35+08:00 ][ info ] [ SESSION ] INIT array (
  'id' => '',
  'var_session_id' => '',
  'prefix' => 'think',
  'type' => '',
  'auto_start' => true,
)
[ info ] [ LOG ] INIT File
[ 2018-06-12T19:40:36+08:00 ][ info ] [ LANG ] D:\www\edu\thinkphp\lang\zh-cn.php
[ 2018-06-12T19:40:36+08:00 ][ info ] [ ROUTE ] array (
  'type' => 'module',
  'module' => 
  array (
    0 => 'index',
    1 => 'user',
    2 => 'checkUserName',
  ),
)
[ 2018-06-12T19:40:36+08:00 ][ info ] [ HEADER ] array (
  'host' => 'www.edu.com',
)
[ 2018-06-12T19:40:36+08:00 ][ info ] [ PARAM ] array (
  'name' => 'admin',
)
[ 2018-06-12T19:40:36+08:00 ][ info ] [ RUN ] app\index\controller\User->checkUserName[ D:\www\edu\application\index\controller\User.php ]
[ 2018-06-12T19:40:36+08:00 ][ info ] [ DB ] INIT mysql
[ 2018-06-12T19:40:36+08:00 ][ sql ] [ DB ] CONNECT:[ UseTime:0.032639s ] mysql:host=127.0.0.1;dbname=edu;charset=utf8
[ 2018-06-12T19:40:36+08:00 ][ sql ] [ SQL ] SHOW COLUMNS FROM `user` [ RunTime:0.001256s ]
[ 2018-06-12T19:40:36+08:00 ][ sql ] [ SQL ] SELECT * FROM `user` WHERE (  `name` = 'admin' ) AND `user`.`delete_time` IS NULL LIMIT 1 [ RunTime:0.001742s ]
[ 2018-06-12T19:40:41+08:00 ][ info ] [ LANG ] D:\www\edu\thinkphp\lang\zh-cn.php
[ 2018-06-12T19:40:41+08:00 ][ info ] [ ROUTE ] array (
  'type' => 'module',
  'module' => 
  array (
    0 => 'index',
    1 => 'user',
    2 => 'checkUserName',
  ),
)
[ 2018-06-12T19:40:41+08:00 ][ info ] [ HEADER ] array (
  'host' => 'www.edu.com',
)
[ 2018-06-12T19:40:41+08:00 ][ info ] [ PARAM ] array (
  'name' => 'test',
)
[ 2018-06-12T19:44:59+08:00 ][ info ] [ SESSION ] INIT array (
  'id' => '',
  'var_session_id' => '',
  'prefix' => 'think',
  'type' => '',
  'auto_start' => true,
)
[ info ] [ LOG ] INIT File
[ 2018-06-12T19:45:00+08:00 ][ info ] [ LANG ] D:\www\edu\thinkphp\lang\zh-cn.php
[ 2018-06-12T19:45:00+08:00 ][ info ] [ ROUTE ] array (
  'type' => 'module',
  'module' => 
  array (
    0 => 'index',
    1 => 'user',
    2 => 'checkUserName',
  ),
)
[ 2018-06-12T19:45:00+08:00 ][ info ] [ HEADER ] array (
  'host' => 'www.edu.com',
)
[ 2018-06-12T19:45:00+08:00 ][ info ] [ PARAM ] array (
  'name' => 'admin',
)
[ 2018-06-12T19:45:00+08:00 ][ info ] [ RUN ] app\index\controller\User->checkUserName[ D:\www\edu\application\index\controller\User.php ]
[ 2018-06-12T19:45:00+08:00 ][ info ] [ DB ] INIT mysql
[ 2018-06-12T19:45:00+08:00 ][ sql ] [ DB ] CONNECT:[ UseTime:0.043273s ] mysql:host=127.0.0.1;dbname=edu;charset=utf8
[ 2018-06-12T19:45:01+08:00 ][ sql ] [ SQL ] SHOW COLUMNS FROM `user` [ RunTime:0.002837s ]
[ 2018-06-12T19:45:01+08:00 ][ sql ] [ SQL ] SELECT * FROM `user` WHERE (  `name` = 'admin' ) AND `user`.`delete_time` IS NULL LIMIT 1 [ RunTime:0.000817s ]
[ 2018-06-12T19:48:32+08:00 ][ info ] [ SESSION ] INIT array (
  'id' => '',
  'var_session_id' => '',
  'prefix' => 'think',
  'type' => '',
  'auto_start' => true,
)
[ info ] [ LOG ] INIT File
[ 2018-06-12T19:48:32+08:00 ][ info ] [ LANG ] D:\www\edu\thinkphp\lang\zh-cn.php
[ 2018-06-12T19:48:32+08:00 ][ info ] [ ROUTE ] array (
  'type' => 'module',
  'module' => 
  array (
    0 => 'index',
    1 => 'user',
    2 => 'checkUserName',
  ),
)
[ 2018-06-12T19:48:32+08:00 ][ info ] [ HEADER ] array (
  'host' => 'www.edu.com',
)
[ 2018-06-12T19:48:32+08:00 ][ info ] [ PARAM ] array (
  'name' => 'admin',
)
[ 2018-06-12T19:48:32+08:00 ][ info ] [ RUN ] app\index\controller\User->checkUserName[ D:\www\edu\application\index\controller\User.php ]
[ 2018-06-12T19:48:33+08:00 ][ info ] [ DB ] INIT mysql
[ 2018-06-12T19:48:33+08:00 ][ sql ] [ DB ] CONNECT:[ UseTime:0.035061s ] mysql:host=127.0.0.1;dbname=edu;charset=utf8
[ 2018-06-12T19:48:33+08:00 ][ sql ] [ SQL ] SHOW COLUMNS FROM `user` [ RunTime:0.002824s ]
[ 2018-06-12T19:48:33+08:00 ][ sql ] [ SQL ] SELECT * FROM `user` WHERE (  `name` = 'admin' ) AND `user`.`delete_time` IS NULL LIMIT 1 [ RunTime:0.000624s ]
[ 2018-06-12T19:52:40+08:00 ][ info ] [ SESSION ] INIT array (
  'id' => '',
  'var_session_id' => '',
  'prefix' => 'think',
  'type' => '',
  'auto_start' => true,
)
[ info ] [ LOG ] INIT File
[ 2018-06-12T19:52:41+08:00 ][ info ] [ LANG ] D:\www\edu\thinkphp\lang\zh-cn.php
[ 2018-06-12T19:52:41+08:00 ][ info ] [ ROUTE ] array (
  'type' => 'module',
  'module' => 
  array (
    0 => 'index',
    1 => 'user',
    2 => 'checkUserName',
  ),
)
[ 2018-06-12T19:52:41+08:00 ][ info ] [ HEADER ] array (
  'host' => 'www.edu.com',
)
[ 2018-06-12T19:52:41+08:00 ][ info ] [ PARAM ] array (
  'name' => 'admin',
)
[ 2018-06-12T19:52:41+08:00 ][ info ] [ RUN ] app\index\controller\User->checkUserName[ D:\www\edu\application\index\controller\User.php ]
[ 2018-06-12T19:52:41+08:00 ][ info ] [ DB ] INIT mysql
[ 2018-06-12T19:52:42+08:00 ][ sql ] [ DB ] CONNECT:[ UseTime:0.047454s ] mysql:host=127.0.0.1;dbname=edu;charset=utf8
[ 2018-06-12T19:52:42+08:00 ][ sql ] [ SQL ] SHOW COLUMNS FROM `user` [ RunTime:0.003305s ]
[ 2018-06-12T19:52:42+08:00 ][ sql ] [ SQL ] SELECT * FROM `user` WHERE (  `name` = 'admin' ) AND `user`.`delete_time` IS NULL LIMIT 1 [ RunTime:0.000804s ]
[ 2018-06-12T19:52:57+08:00 ][ info ] [ SESSION ] INIT array (
  'id' => '',
  'var_session_id' => '',
  'prefix' => 'think',
  'type' => '',
  'auto_start' => true,
)
[ info ] [ LOG ] INIT File
[ 2018-06-12T19:52:58+08:00 ][ info ] [ LANG ] D:\www\edu\thinkphp\lang\zh-cn.php
[ 2018-06-12T19:52:58+08:00 ][ info ] [ ROUTE ] array (
  'type' => 'module',
  'module' => 
  array (
    0 => 'index',
    1 => 'user',
    2 => 'checkUserName',
  ),
)
[ 2018-06-12T19:52:58+08:00 ][ info ] [ HEADER ] array (
  'host' => 'www.edu.com',
)
[ 2018-06-12T19:52:58+08:00 ][ info ] [ PARAM ] array (
  'name' => 'admin',
)
[ 2018-06-12T19:52:58+08:00 ][ info ] [ RUN ] app\index\controller\User->checkUserName[ D:\www\edu\application\index\controller\User.php ]
[ 2018-06-12T19:52:58+08:00 ][ info ] [ DB ] INIT mysql
[ 2018-06-12T19:52:58+08:00 ][ sql ] [ DB ] CONNECT:[ UseTime:0.035381s ] mysql:host=127.0.0.1;dbname=edu;charset=utf8
[ 2018-06-12T19:52:58+08:00 ][ sql ] [ SQL ] SHOW COLUMNS FROM `user` [ RunTime:0.002020s ]
[ 2018-06-12T19:52:58+08:00 ][ sql ] [ SQL ] SELECT * FROM `user` WHERE (  `name` = 'admin' ) AND `user`.`delete_time` IS NULL LIMIT 1 [ RunTime:0.000686s ]
[ 2018-06-12T19:53:57+08:00 ][ info ] [ SESSION ] INIT array (
  'id' => '',
  'var_session_id' => '',
  'prefix' => 'think',
  'type' => '',
  'auto_start' => true,
)
[ info ] [ LOG ] INIT File
[ 2018-06-12T19:53:58+08:00 ][ info ] [ LANG ] D:\www\edu\thinkphp\lang\zh-cn.php
[ 2018-06-12T19:53:58+08:00 ][ info ] [ ROUTE ] array (
  'type' => 'module',
  'module' => 
  array (
    0 => 'index',
    1 => 'user',
    2 => 'checkUserName',
  ),
)
[ 2018-06-12T19:53:58+08:00 ][ info ] [ HEADER ] array (
  'host' => 'www.edu.com',
)
[ 2018-06-12T19:53:58+08:00 ][ info ] [ PARAM ] array (
  'name' => 'admin',
)
[ 2018-06-12T19:53:58+08:00 ][ info ] [ RUN ] app\index\controller\User->checkUserName[ D:\www\edu\application\index\controller\User.php ]
[ 2018-06-12T19:53:58+08:00 ][ info ] [ DB ] INIT mysql
[ 2018-06-12T19:53:58+08:00 ][ sql ] [ DB ] CONNECT:[ UseTime:0.032274s ] mysql:host=127.0.0.1;dbname=edu;charset=utf8
[ 2018-06-12T19:53:58+08:00 ][ sql ] [ SQL ] SHOW COLUMNS FROM `user` [ RunTime:0.002566s ]
[ 2018-06-12T19:53:58+08:00 ][ sql ] [ SQL ] SELECT * FROM `user` WHERE (  `name` = 'admin' ) AND `user`.`delete_time` IS NULL LIMIT 1 [ RunTime:0.000763s ]
[ 2018-06-12T19:55:01+08:00 ][ info ] [ SESSION ] INIT array (
  'id' => '',
  'var_session_id' => '',
  'prefix' => 'think',
  'type' => '',
  'auto_start' => true,
)
[ info ] [ LOG ] INIT File
[ 2018-06-12T19:55:01+08:00 ][ info ] [ LANG ] D:\www\edu\thinkphp\lang\zh-cn.php
[ 2018-06-12T19:55:01+08:00 ][ info ] [ ROUTE ] array (
  'type' => 'module',
  'module' => 
  array (
    0 => 'index',
    1 => 'user',
    2 => 'checkUserName',
  ),
)
[ 2018-06-12T19:55:01+08:00 ][ info ] [ HEADER ] array (
  'host' => 'www.edu.com',
)
[ 2018-06-12T19:55:01+08:00 ][ info ] [ PARAM ] array (
  'name' => 'admin',
)
[ 2018-06-12T19:55:01+08:00 ][ info ] [ RUN ] app\index\controller\User->checkUserName[ D:\www\edu\application\index\controller\User.php ]
[ 2018-06-12T19:56:16+08:00 ][ info ] [ SESSION ] INIT array (
  'id' => '',
  'var_session_id' => '',
  'prefix' => 'think',
  'type' => '',
  'auto_start' => true,
)
[ info ] [ LOG ] INIT File
[ 2018-06-12T19:56:17+08:00 ][ info ] [ LANG ] D:\www\edu\thinkphp\lang\zh-cn.php
[ 2018-06-12T19:56:17+08:00 ][ info ] [ ROUTE ] array (
  'type' => 'module',
  'module' => 
  array (
    0 => 'index',
    1 => 'user',
    2 => 'checkUserName',
  ),
)
[ 2018-06-12T19:56:17+08:00 ][ info ] [ HEADER ] array (
  'host' => 'www.edu.com',
)
[ 2018-06-12T19:56:18+08:00 ][ info ] [ PARAM ] array (
  'name' => 'admin',
)
[ 2018-06-12T19:56:18+08:00 ][ info ] [ RUN ] app\index\controller\User->checkUserName[ D:\www\edu\application\index\controller\User.php ]
[ 2018-06-12T19:56:28+08:00 ][ info ] [ SESSION ] INIT array (
  'id' => '',
  'var_session_id' => '',
  'prefix' => 'think',
  'type' => '',
  'auto_start' => true,
)
[ info ] [ LOG ] INIT File
[ 2018-06-12T19:56:29+08:00 ][ info ] [ LANG ] D:\www\edu\thinkphp\lang\zh-cn.php
[ 2018-06-12T19:56:29+08:00 ][ info ] [ ROUTE ] array (
  'type' => 'module',
  'module' => 
  array (
    0 => 'index',
    1 => 'user',
    2 => 'checkUserName',
  ),
)
[ 2018-06-12T19:56:29+08:00 ][ info ] [ HEADER ] array (
  'host' => 'www.edu.com',
)
[ 2018-06-12T19:56:29+08:00 ][ info ] [ PARAM ] array (
  'name' => 'admin',
)
[ 2018-06-12T19:56:29+08:00 ][ info ] [ RUN ] app\index\controller\User->checkUserName[ D:\www\edu\application\index\controller\User.php ]
[ 2018-06-12T19:57:08+08:00 ][ info ] [ SESSION ] INIT array (
  'id' => '',
  'var_session_id' => '',
  'prefix' => 'think',
  'type' => '',
  'auto_start' => true,
)
[ info ] [ LOG ] INIT File
[ 2018-06-12T19:57:09+08:00 ][ info ] [ LANG ] D:\www\edu\thinkphp\lang\zh-cn.php
[ 2018-06-12T19:57:09+08:00 ][ info ] [ ROUTE ] array (
  'type' => 'module',
  'module' => 
  array (
    0 => 'index',
    1 => 'user',
    2 => 'checkUserName',
  ),
)
[ 2018-06-12T19:57:09+08:00 ][ info ] [ HEADER ] array (
  'host' => 'www.edu.com',
)
[ 2018-06-12T19:57:09+08:00 ][ info ] [ PARAM ] array (
  'name' => 'test',
)
[ 2018-06-12T19:57:09+08:00 ][ info ] [ RUN ] app\index\controller\User->checkUserName[ D:\www\edu\application\index\controller\User.php ]
[ 2018-06-12T19:57:14+08:00 ][ info ] [ SESSION ] INIT array (
  'id' => '',
  'var_session_id' => '',
  'prefix' => 'think',
  'type' => '',
  'auto_start' => true,
)
[ info ] [ LOG ] INIT File
[ 2018-06-12T19:57:15+08:00 ][ info ] [ LANG ] D:\www\edu\thinkphp\lang\zh-cn.php
[ 2018-06-12T19:57:15+08:00 ][ info ] [ ROUTE ] array (
  'type' => 'module',
  'module' => 
  array (
    0 => 'index',
    1 => 'user',
    2 => 'checkUserName',
  ),
)
[ 2018-06-12T19:57:15+08:00 ][ info ] [ HEADER ] array (
  'host' => 'www.edu.com',
)
[ 2018-06-12T19:57:15+08:00 ][ info ] [ PARAM ] array (
  'name' => 'test',
)
[ 2018-06-12T19:57:16+08:00 ][ info ] [ RUN ] app\index\controller\User->checkUserName[ D:\www\edu\application\index\controller\User.php ]
[ 2018-06-12T19:57:28+08:00 ][ info ] [ SESSION ] INIT array (
  'id' => '',
  'var_session_id' => '',
  'prefix' => 'think',
  'type' => '',
  'auto_start' => true,
)
[ info ] [ LOG ] INIT File
[ 2018-06-12T19:57:29+08:00 ][ info ] [ LANG ] D:\www\edu\thinkphp\lang\zh-cn.php
[ 2018-06-12T19:57:29+08:00 ][ info ] [ ROUTE ] array (
  'type' => 'module',
  'module' => 
  array (
    0 => 'index',
    1 => 'user',
    2 => 'checkUserName',
  ),
)
[ 2018-06-12T19:57:29+08:00 ][ info ] [ HEADER ] array (
  'host' => 'www.edu.com',
)
[ 2018-06-12T19:57:29+08:00 ][ info ] [ PARAM ] array (
  'name' => 'test',
)
[ 2018-06-12T19:57:29+08:00 ][ info ] [ RUN ] app\index\controller\User->checkUserName[ D:\www\edu\application\index\controller\User.php ]
[ 2018-06-12T19:58:12+08:00 ][ info ] [ SESSION ] INIT array (
  'id' => '',
  'var_session_id' => '',
  'prefix' => 'think',
  'type' => '',
  'auto_start' => true,
)
[ info ] [ LOG ] INIT File
[ 2018-06-12T19:58:14+08:00 ][ info ] [ LANG ] D:\www\edu\thinkphp\lang\zh-cn.php
[ 2018-06-12T19:58:14+08:00 ][ info ] [ ROUTE ] array (
  'type' => 'module',
  'module' => 
  array (
    0 => 'index',
    1 => 'user',
    2 => 'checkUserName',
  ),
)
[ 2018-06-12T19:58:14+08:00 ][ info ] [ HEADER ] array (
  'host' => 'www.edu.com',
)
[ 2018-06-12T19:58:14+08:00 ][ info ] [ PARAM ] array (
  'name' => 'test',
)
[ 2018-06-12T19:58:14+08:00 ][ info ] [ RUN ] app\index\controller\User->checkUserName[ D:\www\edu\application\index\controller\User.php ]
[ 2018-06-12T20:01:09+08:00 ][ info ] [ SESSION ] INIT array (
  'id' => '',
  'var_session_id' => '',
  'prefix' => 'think',
  'type' => '',
  'auto_start' => true,
)
[ info ] [ LOG ] INIT File
[ 2018-06-12T20:01:10+08:00 ][ info ] [ LANG ] D:\www\edu\thinkphp\lang\zh-cn.php
[ 2018-06-12T20:01:10+08:00 ][ info ] [ ROUTE ] array (
  'type' => 'module',
  'module' => 
  array (
    0 => 'index',
    1 => 'user',
    2 => 'checkUserName',
  ),
)
[ 2018-06-12T20:01:10+08:00 ][ info ] [ HEADER ] array (
  'host' => 'www.edu.com',
)
[ 2018-06-12T20:01:10+08:00 ][ info ] [ PARAM ] array (
  'name' => 'test',
)
[ 2018-06-12T20:01:10+08:00 ][ info ] [ RUN ] app\index\controller\User->checkUserName[ D:\www\edu\application\index\controller\User.php ]
[ 2018-06-12T20:01:10+08:00 ][ info ] [ DB ] INIT mysql
[ 2018-06-12T20:01:10+08:00 ][ sql ] [ DB ] CONNECT:[ UseTime:0.053681s ] mysql:host=127.0.0.1;dbname=edu;charset=utf8
[ 2018-06-12T20:01:10+08:00 ][ sql ] [ SQL ] SHOW COLUMNS FROM `user` [ RunTime:0.002638s ]
[ 2018-06-12T20:01:10+08:00 ][ sql ] [ SQL ] SELECT * FROM `user` WHERE (  `name` = 'test' ) AND `user`.`delete_time` IS NULL LIMIT 1 [ RunTime:0.002092s ]
[ 2018-06-12T20:01:37+08:00 ][ info ] [ SESSION ] INIT array (
  'id' => '',
  'var_session_id' => '',
  'prefix' => 'think',
  'type' => '',
  'auto_start' => true,
)
[ info ] [ LOG ] INIT File
[ 2018-06-12T20:01:38+08:00 ][ info ] [ LANG ] D:\www\edu\thinkphp\lang\zh-cn.php
[ 2018-06-12T20:01:38+08:00 ][ info ] [ ROUTE ] array (
  'type' => 'module',
  'module' => 
  array (
    0 => 'index',
    1 => 'user',
    2 => 'checkUserName',
  ),
)
[ 2018-06-12T20:01:39+08:00 ][ info ] [ HEADER ] array (
  'host' => 'www.edu.com',
)
[ 2018-06-12T20:01:39+08:00 ][ info ] [ PARAM ] array (
  'name' => 'tes',
)
[ 2018-06-12T20:01:39+08:00 ][ info ] [ RUN ] app\index\controller\User->checkUserName[ D:\www\edu\application\index\controller\User.php ]
[ 2018-06-12T20:01:39+08:00 ][ info ] [ DB ] INIT mysql
[ 2018-06-12T20:01:39+08:00 ][ sql ] [ DB ] CONNECT:[ UseTime:0.072006s ] mysql:host=127.0.0.1;dbname=edu;charset=utf8
[ 2018-06-12T20:01:39+08:00 ][ sql ] [ SQL ] SHOW COLUMNS FROM `user` [ RunTime:0.002633s ]
[ 2018-06-12T20:01:39+08:00 ][ sql ] [ SQL ] SELECT * FROM `user` WHERE (  `name` = 'tes' ) AND `user`.`delete_time` IS NULL LIMIT 1 [ RunTime:0.001164s ]
[ 2018-06-12T20:02:07+08:00 ][ info ] [ SESSION ] INIT array (
  'id' => '',
  'var_session_id' => '',
  'prefix' => 'think',
  'type' => '',
  'auto_start' => true,
)
[ info ] [ LOG ] INIT File
[ 2018-06-12T20:02:08+08:00 ][ info ] [ LANG ] D:\www\edu\thinkphp\lang\zh-cn.php
[ 2018-06-12T20:02:08+08:00 ][ info ] [ ROUTE ] array (
  'type' => 'module',
  'module' => 
  array (
    0 => 'index',
    1 => 'user',
    2 => 'checkUserName',
  ),
)
[ 2018-06-12T20:02:08+08:00 ][ info ] [ HEADER ] array (
  'host' => 'www.edu.com',
)
[ 2018-06-12T20:02:09+08:00 ][ info ] [ PARAM ] array (
  'name' => 'te',
)
[ 2018-06-12T20:02:09+08:00 ][ info ] [ RUN ] app\index\controller\User->checkUserName[ D:\www\edu\application\index\controller\User.php ]
