[ 2018-06-13T14:09:08+08:00 ][ info ] [ SESSION ] INIT array (
  'id' => '',
  'var_session_id' => '',
  'prefix' => 'think',
  'type' => '',
  'auto_start' => true,
)
[ info ] [ LOG ] INIT File
[ 2018-06-13T14:09:10+08:00 ][ info ] [ LANG ] D:\www\edu\thinkphp\lang\zh-cn.php
[ 2018-06-13T14:09:10+08:00 ][ info ] [ ROUTE ] array (
  'type' => 'module',
  'module' => 
  array (
    0 => 'index',
    1 => 'user',
    2 => 'checkUserName',
  ),
)
[ 2018-06-13T14:09:10+08:00 ][ info ] [ HEADER ] array (
  'host' => 'www.edu.com',
)
[ 2018-06-13T14:09:10+08:00 ][ info ] [ PARAM ] array (
  'name' => 'te',
)
[ 2018-06-13T14:09:10+08:00 ][ info ] [ RUN ] app\index\controller\User->checkUserName[ D:\www\edu\application\index\controller\User.php ]
[ 2018-06-13T14:09:26+08:00 ][ info ] [ SESSION ] INIT array (
  'id' => '',
  'var_session_id' => '',
  'prefix' => 'think',
  'type' => '',
  'auto_start' => true,
)
[ info ] [ LOG ] INIT File
[ 2018-06-13T14:09:27+08:00 ][ info ] [ LANG ] D:\www\edu\thinkphp\lang\zh-cn.php
[ 2018-06-13T14:09:27+08:00 ][ info ] [ ROUTE ] array (
  'type' => 'module',
  'module' => 
  array (
    0 => 'index',
    1 => 'user',
    2 => 'checkUserName',
  ),
)
[ 2018-06-13T14:09:27+08:00 ][ info ] [ HEADER ] array (
  'host' => 'www.edu.com',
)
[ 2018-06-13T14:09:27+08:00 ][ info ] [ PARAM ] array (
  'name' => 'te',
)
[ 2018-06-13T14:09:27+08:00 ][ info ] [ RUN ] app\index\controller\User->checkUserName[ D:\www\edu\application\index\controller\User.php ]
[ 2018-06-13T14:11:45+08:00 ][ info ] [ SESSION ] INIT array (
  'id' => '',
  'var_session_id' => '',
  'prefix' => 'think',
  'type' => '',
  'auto_start' => true,
)
[ info ] [ LOG ] INIT File
[ 2018-06-13T14:11:45+08:00 ][ info ] [ LANG ] D:\www\edu\thinkphp\lang\zh-cn.php
[ 2018-06-13T14:11:45+08:00 ][ info ] [ ROUTE ] array (
  'type' => 'module',
  'module' => 
  array (
    0 => 'index',
    1 => 'user',
    2 => 'checkUserName',
  ),
)
[ 2018-06-13T14:11:45+08:00 ][ info ] [ HEADER ] array (
  'host' => 'www.edu.com',
)
[ 2018-06-13T14:11:45+08:00 ][ info ] [ PARAM ] array (
  'name' => 'te',
)
[ 2018-06-13T14:11:45+08:00 ][ info ] [ RUN ] app\index\controller\User->checkUserName[ D:\www\edu\application\index\controller\User.php ]
[ 2018-06-13T14:12:03+08:00 ][ info ] [ SESSION ] INIT array (
  'id' => '',
  'var_session_id' => '',
  'prefix' => 'think',
  'type' => '',
  'auto_start' => true,
)
[ info ] [ LOG ] INIT File
[ 2018-06-13T14:12:04+08:00 ][ info ] [ LANG ] D:\www\edu\thinkphp\lang\zh-cn.php
[ 2018-06-13T14:12:04+08:00 ][ info ] [ ROUTE ] array (
  'type' => 'module',
  'module' => 
  array (
    0 => 'index',
    1 => 'user',
    2 => 'checkUserName',
  ),
)
[ 2018-06-13T14:12:04+08:00 ][ info ] [ HEADER ] array (
  'host' => 'www.edu.com',
)
[ 2018-06-13T14:12:04+08:00 ][ info ] [ PARAM ] array (
  'name' => 'te',
)
[ 2018-06-13T14:12:04+08:00 ][ info ] [ RUN ] app\index\controller\User->checkUserName[ D:\www\edu\application\index\controller\User.php ]
[ 2018-06-13T14:14:28+08:00 ][ info ] [ SESSION ] INIT array (
  'id' => '',
  'var_session_id' => '',
  'prefix' => 'think',
  'type' => '',
  'auto_start' => true,
)
[ info ] [ LOG ] INIT File
[ 2018-06-13T14:14:29+08:00 ][ info ] [ LANG ] D:\www\edu\thinkphp\lang\zh-cn.php
[ 2018-06-13T14:14:29+08:00 ][ info ] [ ROUTE ] array (
  'type' => 'module',
  'module' => 
  array (
    0 => 'index',
    1 => 'user',
    2 => 'checkUserName',
  ),
)
[ 2018-06-13T14:14:29+08:00 ][ info ] [ HEADER ] array (
  'host' => 'www.edu.com',
)
[ 2018-06-13T14:14:29+08:00 ][ info ] [ PARAM ] array (
  'name' => 'test',
)
[ 2018-06-13T14:14:29+08:00 ][ info ] [ RUN ] app\index\controller\User->checkUserName[ D:\www\edu\application\index\controller\User.php ]
[ 2018-06-13T14:14:29+08:00 ][ info ] [ DB ] INIT mysql
[ 2018-06-13T14:14:29+08:00 ][ sql ] [ DB ] CONNECT:[ UseTime:0.061443s ] mysql:host=127.0.0.1;dbname=edu;charset=utf8
[ 2018-06-13T14:14:29+08:00 ][ sql ] [ SQL ] SHOW COLUMNS FROM `user` [ RunTime:0.009393s ]
[ 2018-06-13T14:14:29+08:00 ][ sql ] [ SQL ] SELECT * FROM `user` WHERE (  `name` = 'test' ) AND `user`.`delete_time` IS NULL LIMIT 1 [ RunTime:0.002025s ]
[ 2018-06-13T14:17:20+08:00 ][ info ] [ SESSION ] INIT array (
  'id' => '',
  'var_session_id' => '',
  'prefix' => 'think',
  'type' => '',
  'auto_start' => true,
)
[ info ] [ LOG ] INIT File
[ 2018-06-13T14:17:21+08:00 ][ info ] [ LANG ] D:\www\edu\thinkphp\lang\zh-cn.php
[ 2018-06-13T14:17:21+08:00 ][ info ] [ ROUTE ] array (
  'type' => 'module',
  'module' => 
  array (
    0 => 'index',
    1 => 'user',
    2 => 'checkUserName',
  ),
)
[ 2018-06-13T14:17:21+08:00 ][ info ] [ HEADER ] array (
  'host' => 'www.edu.com',
)
[ 2018-06-13T14:17:21+08:00 ][ info ] [ PARAM ] array (
  'name' => 'admin',
)
[ 2018-06-13T14:17:21+08:00 ][ info ] [ RUN ] app\index\controller\User->checkUserName[ D:\www\edu\application\index\controller\User.php ]
[ 2018-06-13T14:17:21+08:00 ][ info ] [ DB ] INIT mysql
[ 2018-06-13T14:17:21+08:00 ][ sql ] [ DB ] CONNECT:[ UseTime:0.059438s ] mysql:host=127.0.0.1;dbname=edu;charset=utf8
[ 2018-06-13T14:17:22+08:00 ][ sql ] [ SQL ] SHOW COLUMNS FROM `user` [ RunTime:0.005156s ]
[ 2018-06-13T14:17:22+08:00 ][ sql ] [ SQL ] SELECT * FROM `user` WHERE (  `name` = 'admin' ) AND `user`.`delete_time` IS NULL LIMIT 1 [ RunTime:0.002577s ]
[ 2018-06-13T14:19:23+08:00 ][ info ] [ SESSION ] INIT array (
  'id' => '',
  'var_session_id' => '',
  'prefix' => 'think',
  'type' => '',
  'auto_start' => true,
)
[ info ] [ LOG ] INIT File
[ 2018-06-13T14:19:24+08:00 ][ info ] [ LANG ] D:\www\edu\thinkphp\lang\zh-cn.php
[ 2018-06-13T14:19:24+08:00 ][ info ] [ ROUTE ] array (
  'type' => 'module',
  'module' => 
  array (
    0 => 'index',
    1 => 'user',
    2 => 'checkUserName',
  ),
)
[ 2018-06-13T14:19:24+08:00 ][ info ] [ HEADER ] array (
  'host' => 'www.edu.com',
)
[ 2018-06-13T14:19:24+08:00 ][ info ] [ PARAM ] array (
  'name' => 'test',
)
[ 2018-06-13T14:19:24+08:00 ][ info ] [ RUN ] app\index\controller\User->checkUserName[ D:\www\edu\application\index\controller\User.php ]
[ 2018-06-13T14:19:24+08:00 ][ info ] [ DB ] INIT mysql
[ 2018-06-13T14:19:24+08:00 ][ sql ] [ DB ] CONNECT:[ UseTime:0.037638s ] mysql:host=127.0.0.1;dbname=edu;charset=utf8
[ 2018-06-13T14:19:24+08:00 ][ sql ] [ SQL ] SHOW COLUMNS FROM `user` [ RunTime:0.007904s ]
[ 2018-06-13T14:19:24+08:00 ][ sql ] [ SQL ] SELECT * FROM `user` WHERE (  `name` = 'test' ) AND `user`.`delete_time` IS NULL LIMIT 1 [ RunTime:0.002292s ]
[ 2018-06-13T14:19:25+08:00 ][ info ] [ LANG ] D:\www\edu\thinkphp\lang\zh-cn.php
[ 2018-06-13T14:19:25+08:00 ][ info ] [ ROUTE ] array (
  'type' => 'module',
  'module' => 
  array (
    0 => 'index',
    1 => 'user',
    2 => 'checkUserName',
  ),
)
[ 2018-06-13T14:19:25+08:00 ][ info ] [ HEADER ] array (
  'host' => 'www.edu.com',
)
[ 2018-06-13T14:19:25+08:00 ][ info ] [ PARAM ] array (
  'name' => 'admin',
)
[ 2018-06-13T14:20:25+08:00 ][ info ] [ SESSION ] INIT array (
  'id' => '',
  'var_session_id' => '',
  'prefix' => 'think',
  'type' => '',
  'auto_start' => true,
)
[ info ] [ LOG ] INIT File
[ 2018-06-13T14:20:26+08:00 ][ info ] [ LANG ] D:\www\edu\thinkphp\lang\zh-cn.php
[ 2018-06-13T14:20:26+08:00 ][ info ] [ ROUTE ] array (
  'type' => 'module',
  'module' => 
  array (
    0 => 'index',
    1 => 'user',
    2 => 'checkUserName',
  ),
)
[ 2018-06-13T14:20:26+08:00 ][ info ] [ HEADER ] array (
  'host' => 'www.edu.com',
)
[ 2018-06-13T14:20:26+08:00 ][ info ] [ PARAM ] array (
  'name' => 'admin',
)
[ 2018-06-13T14:20:26+08:00 ][ info ] [ RUN ] app\index\controller\User->checkUserName[ D:\www\edu\application\index\controller\User.php ]
[ 2018-06-13T14:20:26+08:00 ][ info ] [ DB ] INIT mysql
[ 2018-06-13T14:20:26+08:00 ][ sql ] [ DB ] CONNECT:[ UseTime:0.029688s ] mysql:host=127.0.0.1;dbname=edu;charset=utf8
[ 2018-06-13T14:20:26+08:00 ][ sql ] [ SQL ] SHOW COLUMNS FROM `user` [ RunTime:0.003958s ]
[ 2018-06-13T14:20:26+08:00 ][ sql ] [ SQL ] SELECT * FROM `user` WHERE (  `name` = 'admin' ) AND `user`.`delete_time` IS NULL LIMIT 1 [ RunTime:0.000486s ]
[ 2018-06-13T14:22:05+08:00 ][ info ] [ SESSION ] INIT array (
  'id' => '',
  'var_session_id' => '',
  'prefix' => 'think',
  'type' => '',
  'auto_start' => true,
)
[ info ] [ LOG ] INIT File
[ 2018-06-13T14:22:06+08:00 ][ info ] [ LANG ] D:\www\edu\thinkphp\lang\zh-cn.php
[ 2018-06-13T14:22:06+08:00 ][ info ] [ ROUTE ] array (
  'type' => 'module',
  'module' => 
  array (
    0 => 'index',
    1 => 'user',
    2 => 'checkUserName',
  ),
)
[ 2018-06-13T14:22:06+08:00 ][ info ] [ HEADER ] array (
  'host' => 'www.edu.com',
)
[ 2018-06-13T14:22:06+08:00 ][ info ] [ PARAM ] array (
  'name' => 'td',
)
[ 2018-06-13T14:22:06+08:00 ][ info ] [ RUN ] app\index\controller\User->checkUserName[ D:\www\edu\application\index\controller\User.php ]
[ 2018-06-13T14:25:07+08:00 ][ info ] [ SESSION ] INIT array (
  'id' => '',
  'var_session_id' => '',
  'prefix' => 'think',
  'type' => '',
  'auto_start' => true,
)
[ info ] [ LOG ] INIT File
[ 2018-06-13T14:25:31+08:00 ][ info ] [ SESSION ] INIT array (
  'id' => '',
  'var_session_id' => '',
  'prefix' => 'think',
  'type' => '',
  'auto_start' => true,
)
[ info ] [ LOG ] INIT File
[ 2018-06-13T14:27:08+08:00 ][ info ] [ SESSION ] INIT array (
  'id' => '',
  'var_session_id' => '',
  'prefix' => 'think',
  'type' => '',
  'auto_start' => true,
)
[ info ] [ LOG ] INIT File
[ 2018-06-13T14:51:06+08:00 ][ info ] [ SESSION ] INIT array (
  'id' => '',
  'var_session_id' => '',
  'prefix' => 'think',
  'type' => '',
  'auto_start' => true,
)
[ info ] [ LOG ] INIT File
[ 2018-06-13T14:51:07+08:00 ][ info ] [ LANG ] D:\www\edu\thinkphp\lang\zh-cn.php
[ 2018-06-13T14:51:07+08:00 ][ info ] [ ROUTE ] array (
  'type' => 'module',
  'module' => 
  array (
    0 => 'index',
    1 => 'grade',
    2 => 'doAdd',
  ),
)
[ 2018-06-13T14:51:08+08:00 ][ info ] [ HEADER ] array (
  'host' => 'www.edu.com',
)
[ 2018-06-13T14:51:08+08:00 ][ info ] [ PARAM ] array (
  'name' => '15软工2',
  'length' => '4000',
  'price' => '18800',
)
[ 2018-06-13T14:51:08+08:00 ][ info ] [ RUN ] app\index\controller\Grade->doAdd[ D:\www\edu\application\index\controller\Grade.php ]
[ 2018-06-13T14:53:41+08:00 ][ info ] [ SESSION ] INIT array (
  'id' => '',
  'var_session_id' => '',
  'prefix' => 'think',
  'type' => '',
  'auto_start' => true,
)
[ info ] [ LOG ] INIT File
[ 2018-06-13T14:53:42+08:00 ][ info ] [ LANG ] D:\www\edu\thinkphp\lang\zh-cn.php
[ 2018-06-13T14:53:42+08:00 ][ info ] [ ROUTE ] array (
  'type' => 'module',
  'module' => 
  array (
    0 => 'index',
    1 => 'grade',
    2 => 'doAdd',
  ),
)
[ 2018-06-13T14:53:42+08:00 ][ info ] [ HEADER ] array (
  'host' => 'www.edu.com',
)
[ 2018-06-13T14:53:42+08:00 ][ info ] [ PARAM ] array (
  'name' => '15软工2',
  'length' => 4000,
  'price' => 18800,
)
[ 2018-06-13T14:53:42+08:00 ][ info ] [ RUN ] app\index\controller\Grade->doAdd[ D:\www\edu\application\index\controller\Grade.php ]
[ 2018-06-13T14:55:25+08:00 ][ info ] [ SESSION ] INIT array (
  'id' => '',
  'var_session_id' => '',
  'prefix' => 'think',
  'type' => '',
  'auto_start' => true,
)
[ info ] [ LOG ] INIT File
[ 2018-06-13T14:55:26+08:00 ][ info ] [ LANG ] D:\www\edu\thinkphp\lang\zh-cn.php
[ 2018-06-13T14:55:26+08:00 ][ info ] [ ROUTE ] array (
  'type' => 'module',
  'module' => 
  array (
    0 => 'index',
    1 => 'grade',
    2 => 'doAdd',
  ),
)
[ 2018-06-13T14:55:26+08:00 ][ info ] [ HEADER ] array (
  'host' => 'www.edu.com',
)
[ 2018-06-13T14:55:26+08:00 ][ info ] [ PARAM ] array (
  'name' => '15软工2',
  'length' => 4000,
  'price' => 18800,
)
[ 2018-06-13T14:55:26+08:00 ][ info ] [ RUN ] app\index\controller\Grade->doAdd[ D:\www\edu\application\index\controller\Grade.php ]
[ 2018-06-13T14:57:30+08:00 ][ info ] [ SESSION ] INIT array (
  'id' => '',
  'var_session_id' => '',
  'prefix' => 'think',
  'type' => '',
  'auto_start' => true,
)
[ info ] [ LOG ] INIT File
[ 2018-06-13T14:57:30+08:00 ][ info ] [ LANG ] D:\www\edu\thinkphp\lang\zh-cn.php
[ 2018-06-13T14:57:30+08:00 ][ info ] [ ROUTE ] array (
  'type' => 'module',
  'module' => 
  array (
    0 => 'index',
    1 => 'grade',
    2 => 'doAdd',
  ),
)
[ 2018-06-13T14:57:30+08:00 ][ info ] [ HEADER ] array (
  'host' => 'www.edu.com',
)
[ 2018-06-13T14:57:31+08:00 ][ info ] [ PARAM ] array (
  'name' => '15软工2',
  'length' => 4000,
  'price' => 18800,
)
[ 2018-06-13T14:57:31+08:00 ][ info ] [ RUN ] app\index\controller\Grade->doAdd[ D:\www\edu\application\index\controller\Grade.php ]
[ 2018-06-13T14:57:42+08:00 ][ info ] [ SESSION ] INIT array (
  'id' => '',
  'var_session_id' => '',
  'prefix' => 'think',
  'type' => '',
  'auto_start' => true,
)
[ info ] [ LOG ] INIT File
[ 2018-06-13T14:57:44+08:00 ][ info ] [ LANG ] D:\www\edu\thinkphp\lang\zh-cn.php
[ 2018-06-13T14:57:44+08:00 ][ info ] [ ROUTE ] array (
  'type' => 'module',
  'module' => 
  array (
    0 => 'index',
    1 => 'grade',
    2 => 'doAdd',
  ),
)
[ 2018-06-13T14:57:44+08:00 ][ info ] [ HEADER ] array (
  'host' => 'www.edu.com',
)
[ 2018-06-13T14:57:44+08:00 ][ info ] [ PARAM ] array (
  'name' => '15软工2',
  'length' => '4000',
  'price' => '18800',
)
[ 2018-06-13T14:57:44+08:00 ][ info ] [ RUN ] app\index\controller\Grade->doAdd[ D:\www\edu\application\index\controller\Grade.php ]
[ 2018-06-13T15:08:24+08:00 ][ info ] [ SESSION ] INIT array (
  'id' => '',
  'var_session_id' => '',
  'prefix' => 'think',
  'type' => '',
  'auto_start' => true,
)
[ info ] [ LOG ] INIT File
[ 2018-06-13T15:08:25+08:00 ][ info ] [ LANG ] D:\www\edu\thinkphp\lang\zh-cn.php
[ 2018-06-13T15:08:25+08:00 ][ info ] [ ROUTE ] array (
  'type' => 'module',
  'module' => 
  array (
    0 => 'index',
    1 => 'grade',
    2 => 'doAdd',
  ),
)
[ 2018-06-13T15:08:25+08:00 ][ info ] [ HEADER ] array (
  'host' => 'www.edu.com',
)
[ 2018-06-13T15:08:25+08:00 ][ info ] [ PARAM ] array (
  'name' => '15软工2',
  'length' => '4',
  'price' => '18800',
)
[ 2018-06-13T15:08:25+08:00 ][ info ] [ RUN ] app\index\controller\Grade->doAdd[ D:\www\edu\application\index\controller\Grade.php ]
[ 2018-06-13T15:08:26+08:00 ][ info ] [ DB ] INIT mysql
[ 2018-06-13T15:08:26+08:00 ][ sql ] [ DB ] CONNECT:[ UseTime:0.030683s ] mysql:host=127.0.0.1;dbname=edu;charset=utf8
[ 2018-06-13T15:08:26+08:00 ][ sql ] [ SQL ] SHOW COLUMNS FROM `grade` [ RunTime:0.004983s ]
[ 2018-06-13T15:08:26+08:00 ][ sql ] [ SQL ] INSERT INTO `grade` (`name` , `length` , `price` , `status` , `create_time` , `update_time`) VALUES ('15软工2' , '4' , 18800 , 1 , 1528873706 , 1528873706) [ RunTime:0.059707s ]
[ 2018-06-13T15:16:21+08:00 ][ info ] [ SESSION ] INIT array (
  'id' => '',
  'var_session_id' => '',
  'prefix' => 'think',
  'type' => '',
  'auto_start' => true,
)
[ info ] [ LOG ] INIT File
[ 2018-06-13T15:19:15+08:00 ][ info ] [ SESSION ] INIT array (
  'id' => '',
  'var_session_id' => '',
  'prefix' => 'think',
  'type' => '',
  'auto_start' => true,
)
[ info ] [ LOG ] INIT File
[ 2018-06-13T15:19:17+08:00 ][ info ] [ LANG ] D:\www\edu\thinkphp\lang\zh-cn.php
[ 2018-06-13T15:19:17+08:00 ][ info ] [ ROUTE ] array (
  'type' => 'module',
  'module' => 
  array (
    0 => 'index',
    1 => 'grade',
    2 => 'doAdd',
  ),
)
[ 2018-06-13T15:19:17+08:00 ][ info ] [ HEADER ] array (
  'host' => 'www.edu.com',
)
[ 2018-06-13T15:19:17+08:00 ][ info ] [ PARAM ] array (
  'name' => '15',
  'length' => '4',
  'price' => '18800',
)
[ 2018-06-13T15:19:17+08:00 ][ info ] [ RUN ] app\index\controller\Grade->doAdd[ D:\www\edu\application\index\controller\Grade.php ]
[ 2018-06-13T15:19:39+08:00 ][ info ] [ SESSION ] INIT array (
  'id' => '',
  'var_session_id' => '',
  'prefix' => 'think',
  'type' => '',
  'auto_start' => true,
)
[ info ] [ LOG ] INIT File
[ 2018-06-13T15:19:40+08:00 ][ info ] [ LANG ] D:\www\edu\thinkphp\lang\zh-cn.php
[ 2018-06-13T15:19:40+08:00 ][ info ] [ ROUTE ] array (
  'type' => 'module',
  'module' => 
  array (
    0 => 'index',
    1 => 'grade',
    2 => 'doAdd',
  ),
)
[ 2018-06-13T15:19:40+08:00 ][ info ] [ HEADER ] array (
  'host' => 'www.edu.com',
)
[ 2018-06-13T15:19:40+08:00 ][ info ] [ PARAM ] array (
  'name' => '15',
  'length' => '4',
  'price' => '18800',
)
[ 2018-06-13T15:19:40+08:00 ][ info ] [ RUN ] app\index\controller\Grade->doAdd[ D:\www\edu\application\index\controller\Grade.php ]
[ 2018-06-13T15:21:12+08:00 ][ info ] [ SESSION ] INIT array (
  'id' => '',
  'var_session_id' => '',
  'prefix' => 'think',
  'type' => '',
  'auto_start' => true,
)
[ info ] [ LOG ] INIT File
[ 2018-06-13T15:21:14+08:00 ][ info ] [ LANG ] D:\www\edu\thinkphp\lang\zh-cn.php
[ 2018-06-13T15:21:14+08:00 ][ info ] [ ROUTE ] array (
  'type' => 'module',
  'module' => 
  array (
    0 => 'index',
    1 => 'grade',
    2 => 'doAdd',
  ),
)
[ 2018-06-13T15:21:14+08:00 ][ info ] [ HEADER ] array (
  'host' => 'www.edu.com',
)
[ 2018-06-13T15:21:14+08:00 ][ info ] [ PARAM ] array (
  'name' => '15软工2',
  'length' => '4',
  'price' => '18800',
)
[ 2018-06-13T15:21:14+08:00 ][ info ] [ RUN ] app\index\controller\Grade->doAdd[ D:\www\edu\application\index\controller\Grade.php ]
[ 2018-06-13T15:21:14+08:00 ][ info ] [ DB ] INIT mysql
[ 2018-06-13T15:21:14+08:00 ][ sql ] [ DB ] CONNECT:[ UseTime:0.068086s ] mysql:host=127.0.0.1;dbname=edu;charset=utf8
[ 2018-06-13T15:21:14+08:00 ][ sql ] [ SQL ] SHOW COLUMNS FROM `grade` [ RunTime:0.005200s ]
[ 2018-06-13T15:21:14+08:00 ][ sql ] [ SQL ] INSERT INTO `grade` (`name` , `length` , `price` , `status` , `create_time` , `update_time`) VALUES ('15软工2' , '4' , 18800 , 1 , 1528874474 , 1528874474) [ RunTime:0.079744s ]
[ 2018-06-13T15:21:14+08:00 ][ info ] [ LANG ] D:\www\edu\thinkphp\lang\zh-cn.php
[ 2018-06-13T15:21:14+08:00 ][ info ] [ ROUTE ] array (
  'type' => 'module',
  'module' => 
  array (
    0 => 'index',
    1 => 'grade',
    2 => 'doAdd',
  ),
)
[ 2018-06-13T15:21:15+08:00 ][ info ] [ HEADER ] array (
  'host' => 'www.edu.com',
)
[ 2018-06-13T15:21:15+08:00 ][ info ] [ PARAM ] array (
  'name' => '15',
  'length' => '4',
  'price' => '18800',
)
[ 2018-06-13T15:24:37+08:00 ][ info ] [ SESSION ] INIT array (
  'id' => '',
  'var_session_id' => '',
  'prefix' => 'think',
  'type' => '',
  'auto_start' => true,
)
[ info ] [ LOG ] INIT File
[ 2018-06-13T15:24:47+08:00 ][ info ] [ SESSION ] INIT array (
  'id' => '',
  'var_session_id' => '',
  'prefix' => 'think',
  'type' => '',
  'auto_start' => true,
)
[ info ] [ LOG ] INIT File
[ 2018-06-13T15:24:55+08:00 ][ info ] [ SESSION ] INIT array (
  'id' => '',
  'var_session_id' => '',
  'prefix' => 'think',
  'type' => '',
  'auto_start' => true,
)
[ info ] [ LOG ] INIT File
